#
# A fatal error has been detected by the Java Runtime Environment:
#
#  EXCEPTION_ACCESS_VIOLATION (0xc0000005) at pc=0x00007ff91fad7ca5, pid=7400, tid=3156
#
# JRE version: Java(TM) SE Runtime Environment (8.0_66-b18) (build 1.8.0_66-b18)
# Java VM: Java HotSpot(TM) 64-Bit Server VM (25.66-b18 mixed mode windows-amd64 compressed oops)
# Problematic frame:
# C  [AUDIOSES.DLL+0x7ca5]
#
# Failed to write core dump. Minidumps are not enabled by default on client versions of Windows
#
# If you would like to submit a bug report, please visit:
#   http://bugreport.java.com/bugreport/crash.jsp
#

---------------  T H R E A D  ---------------

Current thread (0x00000000174e9800):  VMThread [stack: 0x00000000191f0000,0x00000000192f0000] [id=3156]

siginfo: ExceptionCode=0xc0000005, reading address 0x0000000020db0140

Registers:
RAX=0x00007ff91fae51b8, RBX=0x0000000000000001, RCX=0x0000000000933940, RDX=0x0000000000000001
RSP=0x00000000192ef390, RBP=0x00007ff91fad16a0, RSI=0x0000000020db0140, RDI=0x0000000000933940
R8 =0x000000000000001c, R9 =0x0000000000000003, R10=0x00007ff933575740, R11=0x00000000192ef360
R12=0x0000000000000000, R13=0x0000000000000000, R14=0x000000001bb30760, R15=0x0000000000000000
RIP=0x00007ff91fad7ca5, EFLAGS=0x0000000000010246

Top of Stack: (sp=0x00000000192ef390)
0x00000000192ef390:   00000000008f0000 000000001d551440
0x00000000192ef3a0:   0000000000000000 0000000000000002
0x00000000192ef3b0:   0000000000933940 00007ff91fad7bd7
0x00000000192ef3c0:   0000000000000001 00007ff91fad79a0
0x00000000192ef3d0:   00007ff91fad1ec0 00000000204f5a70
0x00000000192ef3e0:   0000000000933940 00007ff91fad7a19
0x00000000192ef3f0:   0000000000000001 00007ff91fad79a0
0x00000000192ef400:   000000001bb30760 000000001d551440
0x00000000192ef410:   fffffffffffffffe 00007ff91fad16a0
0x00000000192ef420:   0000000000933940 00007ff91fad79b4
0x00000000192ef430:   0000000000933940 0000000000000001
0x00000000192ef440:   00007ff91fad79a0 000000001d551440
0x00000000192ef450:   0000000000000000 00007ff91fad7952
0x00000000192ef460:   0000000000933940 00000000192ef498
0x00000000192ef470:   000000002114d401 000000001bb30790
0x00000000192ef480:   000000001bb30760 00007ff912a8ddf6 

Instructions: (pc=0x00007ff91fad7ca5)
0x00007ff91fad7c85:   f9 0f 85 18 15 03 00 48 83 7f 78 00 0f 85 34 15
0x00007ff91fad7c95:   03 00 48 8b 77 70 48 85 f6 74 1a 48 83 67 70 00
0x00007ff91fad7ca5:   48 8b 06 48 8b 58 10 48 8b cb ff 15 3b 4c 06 00
0x00007ff91fad7cb5:   48 8b ce ff d3 48 8b 5c 24 30 48 8b 74 24 38 48 


Register to memory mapping:

RAX=0x00007ff91fae51b8 is an unknown value
RBX=0x0000000000000001 is an unknown value
RCX=0x0000000000933940 is an unknown value
RDX=0x0000000000000001 is an unknown value
RSP=0x00000000192ef390 is an unknown value
RBP=0x00007ff91fad16a0 is an unknown value
RSI=0x0000000020db0140 is an unknown value
RDI=0x0000000000933940 is an unknown value
R8 =0x000000000000001c is an unknown value
R9 =0x0000000000000003 is an unknown value
R10=0x00007ff933575740 is an unknown value
R11=0x00000000192ef360 is an unknown value
R12=0x0000000000000000 is an unknown value
R13=0x0000000000000000 is an unknown value
R14=0x000000001bb30760 is an unknown value
R15=0x0000000000000000 is an unknown value


Stack: [0x00000000191f0000,0x00000000192f0000],  sp=0x00000000192ef390,  free space=1020k
Native frames: (J=compiled Java code, j=interpreted, Vv=VM code, C=native code)
C  [AUDIOSES.DLL+0x7ca5]
C  [AUDIOSES.DLL+0x7bd7]
C  [AUDIOSES.DLL+0x7a19]
C  [AUDIOSES.DLL+0x79b4]
C  [AUDIOSES.DLL+0x7952]
C  [dsound.dll+0x4ddf6]
C  [dsound.dll+0x4def0]
C  [dsound.dll+0x48cf2]
C  [dsound.dll+0x20404]
C  [dsound.dll+0x1d7f3]
C  [dsound.dll+0x4be5]
C  [dsound.dll+0xf1fe]
C  [dsound.dll+0x5fdc]
C  [dsound.dll+0x5f56]
C  [dsound.dll+0xdb8a]
C  [OpenAL64.dll+0xec2b]
C  [OpenAL64.dll+0x849b]
C  [OpenAL64.dll+0x84ea]
C  [OpenAL64.dll+0x851f]
C  [OpenAL64.dll+0x13d08]
C  [ntdll.dll+0x1c064]
C  [ntdll.dll+0x1b472]
C  [ntdll.dll+0x18498]
C  [KERNEL32.DLL+0x516a]
C  [msvcr100.dll+0x20ccd]
V  [jvm.dll+0x210cc5]
V  [jvm.dll+0x249897]
V  [jvm.dll+0x248b36]
V  [jvm.dll+0x248fd1]
V  [jvm.dll+0x2491ee]
V  [jvm.dll+0x29a0fa]
C  [msvcr100.dll+0x21d9f]
C  [msvcr100.dll+0x21e3b]
C  [KERNEL32.DLL+0x13d2]
C  [ntdll.dll+0x15454]

VM_Operation (0x000000000245f530): Exit, mode: safepoint, requested by thread 0x0000000002460800


---------------  P R O C E S S  ---------------

Java Threads: ( => current thread )
  0x000000005ddd4000 JavaThread "AWT-EventQueue-0" [_thread_blocked, id=7476, stack(0x000000001bcb0000,0x000000001bdb0000)]
  0x0000000022a8e800 JavaThread "AWT-Shutdown" [_thread_blocked, id=6232, stack(0x000000001b8e0000,0x000000001b9e0000)]
  0x000000002241b000 JavaThread "Thread-3" [_thread_blocked, id=3584, stack(0x000000001e010000,0x000000001e110000)]
  0x00000000199da800 JavaThread "Java2D Disposer" daemon [_thread_blocked, id=6024, stack(0x000000001ab00000,0x000000001ac00000)]
  0x00000000196b5000 JavaThread "Service Thread" daemon [_thread_blocked, id=7472, stack(0x0000000019ff0000,0x000000001a0f0000)]
  0x000000001962a000 JavaThread "C1 CompilerThread3" daemon [_thread_blocked, id=7924, stack(0x0000000019ef0000,0x0000000019ff0000)]
  0x0000000019627800 JavaThread "C2 CompilerThread2" daemon [_thread_blocked, id=32, stack(0x0000000019df0000,0x0000000019ef0000)]
  0x000000001961e000 JavaThread "C2 CompilerThread1" daemon [_thread_blocked, id=4796, stack(0x0000000019cf0000,0x0000000019df0000)]
  0x0000000019617000 JavaThread "C2 CompilerThread0" daemon [_thread_blocked, id=7308, stack(0x0000000019bf0000,0x0000000019cf0000)]
  0x0000000019615800 JavaThread "Attach Listener" daemon [_thread_blocked, id=2312, stack(0x0000000019af0000,0x0000000019bf0000)]
  0x0000000019615000 JavaThread "Signal Dispatcher" daemon [_thread_blocked, id=5348, stack(0x00000000199f0000,0x0000000019af0000)]
  0x0000000002559000 JavaThread "Finalizer" daemon [_thread_blocked, id=4372, stack(0x00000000193f0000,0x00000000194f0000)]
  0x0000000002552000 JavaThread "Reference Handler" daemon [_thread_blocked, id=216, stack(0x00000000192f0000,0x00000000193f0000)]
  0x0000000002460800 JavaThread "main" [_thread_blocked, id=8068, stack(0x0000000002360000,0x0000000002460000)]

Other Threads:
=>0x00000000174e9800 VMThread [stack: 0x00000000191f0000,0x00000000192f0000] [id=3156]

VM state:at safepoint (shutting down)

VM Mutex/Monitor currently owned by a thread:  ([mutex/lock_event])
[0x0000000000becc20] Threads_lock - owner thread: 0x00000000174e9800

Heap:
 PSYoungGen      total 234496K, used 119964K [0x00000000d5e00000, 0x00000000e5300000, 0x0000000100000000)
  eden space 227840K, 52% used [0x00000000d5e00000,0x00000000dd327238,0x00000000e3c80000)
  from space 6656K, 0% used [0x00000000e4300000,0x00000000e4300000,0x00000000e4980000)
  to   space 6656K, 0% used [0x00000000e3c80000,0x00000000e3c80000,0x00000000e4300000)
 ParOldGen       total 132096K, used 35689K [0x0000000081a00000, 0x0000000089b00000, 0x00000000d5e00000)
  object space 132096K, 27% used [0x0000000081a00000,0x0000000083cda770,0x0000000089b00000)
 Metaspace       used 11101K, capacity 11217K, committed 11520K, reserved 1058816K
  class space    used 1139K, capacity 1215K, committed 1280K, reserved 1048576K

Card table byte_map: [0x0000000011920000,0x0000000011d20000] byte_map_base: 0x0000000011513000

Marking Bits: (ParMarkBitMap*) 0x0000000060b2a5b0
 Begin Bits: [0x00000000127d0000, 0x0000000014768000)
 End Bits:   [0x0000000014768000, 0x0000000016700000)

Polling page: 0x0000000000b60000

CodeCache: size=245760Kb used=5349Kb max_used=5359Kb free=240410Kb
 bounds [0x0000000002560000, 0x0000000002ab0000, 0x0000000011560000]
 total_blobs=2048 nmethods=1469 adapters=492
 compilation: enabled

Compilation events (10 events):
Event: 10.097 Thread 0x000000001962a000 1466       3       java.util.Vector::<init> (7 bytes)
Event: 10.097 Thread 0x000000001962a000 nmethod 1466 0x0000000002a9b850 code [0x0000000002a9b9c0, 0x0000000002a9bb48]
Event: 10.112 Thread 0x0000000019627800 1467       4       java.nio.DirectIntBufferU::get (16 bytes)
Event: 10.114 Thread 0x0000000019627800 nmethod 1467 0x0000000002a9e850 code [0x0000000002a9e980, 0x0000000002a9ea18]
Event: 10.128 Thread 0x000000001962a000 1468       3       java.util.Vector::<init> (7 bytes)
Event: 10.129 Thread 0x000000001962a000 nmethod 1468 0x0000000002a9e410 code [0x0000000002a9e580, 0x0000000002a9e788]
Event: 10.179 Thread 0x000000001961e000 1469       4       java.util.ArrayList::get (11 bytes)
Event: 10.181 Thread 0x000000001961e000 nmethod 1469 0x0000000002a9cc10 code [0x0000000002a9cd40, 0x0000000002a9cdf8]
Event: 10.279 Thread 0x000000001962a000 1470   !   3       org.lwjgl.input.Mouse::getY (17 bytes)
Event: 10.280 Thread 0x000000001962a000 nmethod 1470 0x0000000002a9c750 code [0x0000000002a9c8c0, 0x0000000002a9cb30]

GC Heap History (10 events):
Event: 2.981 GC heap before
{Heap before GC invocations=6 (full 1):
 PSYoungGen      total 71680K, used 3176K [0x00000000d5e00000, 0x00000000dec00000, 0x0000000100000000)
  eden space 66560K, 0% used [0x00000000d5e00000,0x00000000d5e00000,0x00000000d9f00000)
  from space 5120K, 62% used [0x00000000d9f00000,0x00000000da21a198,0x00000000da400000)
  to   space 6144K, 0% used [0x00000000de600000,0x00000000de600000,0x00000000dec00000)
 ParOldGen       total 87552K, used 87113K [0x0000000081a00000, 0x0000000086f80000, 0x00000000d5e00000)
  object space 87552K, 99% used [0x0000000081a00000,0x0000000086f12620,0x0000000086f80000)
 Metaspace       used 10444K, capacity 10577K, committed 10624K, reserved 1058816K
  class space    used 1096K, capacity 1151K, committed 1152K, reserved 1048576K
Event: 2.999 GC heap after
Heap after GC invocations=6 (full 1):
 PSYoungGen      total 71680K, used 0K [0x00000000d5e00000, 0x00000000dec00000, 0x0000000100000000)
  eden space 66560K, 0% used [0x00000000d5e00000,0x00000000d5e00000,0x00000000d9f00000)
  from space 5120K, 0% used [0x00000000d9f00000,0x00000000d9f00000,0x00000000da400000)
  to   space 6144K, 0% used [0x00000000de600000,0x00000000de600000,0x00000000dec00000)
 ParOldGen       total 132096K, used 35458K [0x0000000081a00000, 0x0000000089b00000, 0x00000000d5e00000)
  object space 132096K, 26% used [0x0000000081a00000,0x0000000083ca0a20,0x0000000089b00000)
 Metaspace       used 10444K, capacity 10577K, committed 10624K, reserved 1058816K
  class space    used 1096K, capacity 1151K, committed 1152K, reserved 1048576K
}
Event: 3.157 GC heap before
{Heap before GC invocations=7 (full 1):
 PSYoungGen      total 71680K, used 66560K [0x00000000d5e00000, 0x00000000dec00000, 0x0000000100000000)
  eden space 66560K, 100% used [0x00000000d5e00000,0x00000000d9f00000,0x00000000d9f00000)
  from space 5120K, 0% used [0x00000000d9f00000,0x00000000d9f00000,0x00000000da400000)
  to   space 6144K, 0% used [0x00000000de600000,0x00000000de600000,0x00000000dec00000)
 ParOldGen       total 132096K, used 35458K [0x0000000081a00000, 0x0000000089b00000, 0x00000000d5e00000)
  object space 132096K, 26% used [0x0000000081a00000,0x0000000083ca0a20,0x0000000089b00000)
 Metaspace       used 10576K, capacity 10705K, committed 10880K, reserved 1058816K
  class space    used 1105K, capacity 1151K, committed 1152K, reserved 1048576K
Event: 3.162 GC heap after
Heap after GC invocations=7 (full 1):
 PSYoungGen      total 129024K, used 4384K [0x00000000d5e00000, 0x00000000dea80000, 0x0000000100000000)
  eden space 124416K, 0% used [0x00000000d5e00000,0x00000000d5e00000,0x00000000dd780000)
  from space 4608K, 95% used [0x00000000de600000,0x00000000dea48010,0x00000000dea80000)
  to   space 6144K, 0% used [0x00000000dde80000,0x00000000dde80000,0x00000000de480000)
 ParOldGen       total 132096K, used 55946K [0x0000000081a00000, 0x0000000089b00000, 0x00000000d5e00000)
  object space 132096K, 42% used [0x0000000081a00000,0x00000000850a2a70,0x0000000089b00000)
 Metaspace       used 10576K, capacity 10705K, committed 10880K, reserved 1058816K
  class space    used 1105K, capacity 1151K, committed 1152K, reserved 1048576K
}
Event: 5.807 GC heap before
{Heap before GC invocations=8 (full 1):
 PSYoungGen      total 129024K, used 115591K [0x00000000d5e00000, 0x00000000dea80000, 0x0000000100000000)
  eden space 124416K, 89% used [0x00000000d5e00000,0x00000000dca99d18,0x00000000dd780000)
  from space 4608K, 95% used [0x00000000de600000,0x00000000dea48010,0x00000000dea80000)
  to   space 6144K, 0% used [0x00000000dde80000,0x00000000dde80000,0x00000000de480000)
 ParOldGen       total 132096K, used 55946K [0x0000000081a00000, 0x0000000089b00000, 0x00000000d5e00000)
  object space 132096K, 42% used [0x0000000081a00000,0x00000000850a2a70,0x0000000089b00000)
 Metaspace       used 10669K, capacity 10833K, committed 10880K, reserved 1058816K
  class space    used 1110K, capacity 1151K, committed 1152K, reserved 1048576K
Event: 5.811 GC heap after
Heap after GC invocations=8 (full 1):
 PSYoungGen      total 137728K, used 1058K [0x00000000d5e00000, 0x00000000e4980000, 0x0000000100000000)
  eden space 131584K, 0% used [0x00000000d5e00000,0x00000000d5e00000,0x00000000dde80000)
  from space 6144K, 17% used [0x00000000dde80000,0x00000000ddf88b38,0x00000000de480000)
  to   space 6656K, 0% used [0x00000000e4300000,0x00000000e4300000,0x00000000e4980000)
 ParOldGen       total 132096K, used 72338K [0x0000000081a00000, 0x0000000089b00000, 0x00000000d5e00000)
  object space 132096K, 54% used [0x0000000081a00000,0x00000000860a4a80,0x0000000089b00000)
 Metaspace       used 10669K, capacity 10833K, committed 10880K, reserved 1058816K
  class space    used 1110K, capacity 1151K, committed 1152K, reserved 1048576K
}
Event: 6.958 GC heap before
{Heap before GC invocations=9 (full 1):
 PSYoungGen      total 137728K, used 125713K [0x00000000d5e00000, 0x00000000e4980000, 0x0000000100000000)
  eden space 131584K, 94% used [0x00000000d5e00000,0x00000000dd7bb8c8,0x00000000dde80000)
  from space 6144K, 17% used [0x00000000dde80000,0x00000000ddf88b38,0x00000000de480000)
  to   space 6656K, 0% used [0x00000000e4300000,0x00000000e4300000,0x00000000e4980000)
 ParOldGen       total 132096K, used 72338K [0x0000000081a00000, 0x0000000089b00000, 0x00000000d5e00000)
  object space 132096K, 54% used [0x0000000081a00000,0x00000000860a4a80,0x0000000089b00000)
 Metaspace       used 10672K, capacity 10833K, committed 10880K, reserved 1058816K
  class space    used 1110K, capacity 1151K, committed 1152K, reserved 1048576K
Event: 6.969 GC heap after
Heap after GC invocations=9 (full 1):
 PSYoungGen      total 234496K, used 618K [0x00000000d5e00000, 0x00000000e5300000, 0x0000000100000000)
  eden space 227840K, 0% used [0x00000000d5e00000,0x00000000d5e00000,0x00000000e3c80000)
  from space 6656K, 9% used [0x00000000e4300000,0x00000000e439a910,0x00000000e4980000)
  to   space 6656K, 0% used [0x00000000e3c80000,0x00000000e3c80000,0x00000000e4300000)
 ParOldGen       total 132096K, used 105106K [0x0000000081a00000, 0x0000000089b00000, 0x00000000d5e00000)
  object space 132096K, 79% used [0x0000000081a00000,0x00000000880a4a90,0x0000000089b00000)
 Metaspace       used 10672K, capacity 10833K, committed 10880K, reserved 1058816K
  class space    used 1110K, capacity 1151K, committed 1152K, reserved 1048576K
}
Event: 6.969 GC heap before
{Heap before GC invocations=10 (full 2):
 PSYoungGen      total 234496K, used 618K [0x00000000d5e00000, 0x00000000e5300000, 0x0000000100000000)
  eden space 227840K, 0% used [0x00000000d5e00000,0x00000000d5e00000,0x00000000e3c80000)
  from space 6656K, 9% used [0x00000000e4300000,0x00000000e439a910,0x00000000e4980000)
  to   space 6656K, 0% used [0x00000000e3c80000,0x00000000e3c80000,0x00000000e4300000)
 ParOldGen       total 132096K, used 105106K [0x0000000081a00000, 0x0000000089b00000, 0x00000000d5e00000)
  object space 132096K, 79% used [0x0000000081a00000,0x00000000880a4a90,0x0000000089b00000)
 Metaspace       used 10672K, capacity 10833K, committed 10880K, reserved 1058816K
  class space    used 1110K, capacity 1151K, committed 1152K, reserved 1048576K
Event: 6.982 GC heap after
Heap after GC invocations=10 (full 2):
 PSYoungGen      total 234496K, used 0K [0x00000000d5e00000, 0x00000000e5300000, 0x0000000100000000)
  eden space 227840K, 0% used [0x00000000d5e00000,0x00000000d5e00000,0x00000000e3c80000)
  from space 6656K, 0% used [0x00000000e4300000,0x00000000e4300000,0x00000000e4980000)
  to   space 6656K, 0% used [0x00000000e3c80000,0x00000000e3c80000,0x00000000e4300000)
 ParOldGen       total 132096K, used 35689K [0x0000000081a00000, 0x0000000089b00000, 0x00000000d5e00000)
  object space 132096K, 27% used [0x0000000081a00000,0x0000000083cda770,0x0000000089b00000)
 Metaspace       used 10672K, capacity 10833K, committed 10880K, reserved 1058816K
  class space    used 1110K, capacity 1151K, committed 1152K, reserved 1048576K
}

Deoptimization events (10 events):
Event: 2.727 Thread 0x0000000002460800 Uncommon trap: reason=unstable_if action=reinterpret pc=0x00000000027b235c method=java.lang.String.indexOf([CII[CIII)I @ 3
Event: 2.762 Thread 0x0000000002460800 Uncommon trap: reason=unstable_if action=reinterpret pc=0x00000000027caf98 method=java.io.WinNTFileSystem.normalize(Ljava/lang/String;)Ljava/lang/String; @ 128
Event: 3.029 Thread 0x0000000002460800 Uncommon trap: reason=unstable_if action=reinterpret pc=0x0000000002987b68 method=java.awt.image.ComponentColorModel.getDataElements(ILjava/lang/Object;)Ljava/lang/Object; @ 2993
Event: 3.030 Thread 0x0000000002460800 Uncommon trap: reason=unstable_if action=reinterpret pc=0x0000000002983198 method=sun.awt.image.ByteInterleavedRaster.getDataElements(IILjava/lang/Object;)Ljava/lang/Object; @ 43
Event: 3.066 Thread 0x0000000002460800 Uncommon trap: reason=unstable_if action=reinterpret pc=0x000000000296b198 method=sun.awt.image.ByteInterleavedRaster.putByteData(IIII[B)V @ 395
Event: 3.102 Thread 0x0000000002460800 Uncommon trap: reason=unstable_if action=reinterpret pc=0x00000000029883a4 method=java.awt.image.ComponentColorModel.getAlpha(Ljava/lang/Object;)I @ 4
Event: 3.102 Thread 0x0000000002460800 Uncommon trap: reason=unstable_if action=reinterpret pc=0x000000000298a604 method=java.awt.image.ComponentColorModel.extractComponent(Ljava/lang/Object;II)I @ 4
Event: 3.102 Thread 0x0000000002460800 Uncommon trap: reason=unstable_if action=reinterpret pc=0x000000000295c620 method=java.awt.image.ComponentColorModel.getAlpha(Ljava/lang/Object;)I @ 4
Event: 3.349 Thread 0x0000000002460800 Uncommon trap: reason=unstable_if action=reinterpret pc=0x00000000029be458 method=sun.awt.image.ByteInterleavedRaster.putByteData(IIII[B)V @ 79
Event: 7.164 Thread 0x0000000002460800 Uncommon trap: reason=unstable_if action=reinterpret pc=0x0000000002a1b28c method=com.jcraft.jorbis.Residue1.inverse(Lcom/jcraft/jorbis/Block;Ljava/lang/Object;[[F[II)I @ 14

Internal exceptions (10 events):
Event: 1.186 Thread 0x0000000002460800 Exception <a 'org/lwjgl/LWJGLException'> (0x00000000d6dd73e0) thrown at [C:\re\workspace\8-2-build-windows-amd64-cygwin\jdk8u66\5298\hotspot\src\share\vm\prims\jni.cpp, line 709]
Event: 1.186 Thread 0x0000000002460800 Exception <a 'org/lwjgl/LWJGLException'> (0x00000000d6dd79c0) thrown at [C:\re\workspace\8-2-build-windows-amd64-cygwin\jdk8u66\5298\hotspot\src\share\vm\prims\jni.cpp, line 709]
Event: 1.186 Thread 0x0000000002460800 Exception <a 'org/lwjgl/LWJGLException'> (0x00000000d6dd7f50) thrown at [C:\re\workspace\8-2-build-windows-amd64-cygwin\jdk8u66\5298\hotspot\src\share\vm\prims\jni.cpp, line 709]
Event: 1.186 Thread 0x0000000002460800 Exception <a 'org/lwjgl/LWJGLException'> (0x00000000d6dd8500) thrown at [C:\re\workspace\8-2-build-windows-amd64-cygwin\jdk8u66\5298\hotspot\src\share\vm\prims\jni.cpp, line 709]
Event: 1.187 Thread 0x0000000002460800 Exception <a 'org/lwjgl/LWJGLException'> (0x00000000d6dd8b88) thrown at [C:\re\workspace\8-2-build-windows-amd64-cygwin\jdk8u66\5298\hotspot\src\share\vm\prims\jni.cpp, line 709]
Event: 1.187 Thread 0x0000000002460800 Exception <a 'org/lwjgl/LWJGLException'> (0x00000000d6dd91b8) thrown at [C:\re\workspace\8-2-build-windows-amd64-cygwin\jdk8u66\5298\hotspot\src\share\vm\prims\jni.cpp, line 709]
Event: 1.378 Thread 0x0000000002460800 Exception <a 'org/lwjgl/LWJGLException': Missing driver symbols> (0x00000000d6de2d50) thrown at [C:\re\workspace\8-2-build-windows-amd64-cygwin\jdk8u66\5298\hotspot\src\share\vm\prims\jni.cpp, line 735]
Event: 1.379 Thread 0x0000000002460800 Exception <a 'org/lwjgl/LWJGLException': Missing driver symbols> (0x00000000d6de3600) thrown at [C:\re\workspace\8-2-build-windows-amd64-cygwin\jdk8u66\5298\hotspot\src\share\vm\prims\jni.cpp, line 735]
Event: 3.029 Thread 0x0000000002460800 Implicit null exception at 0x00000000029875e2 to 0x0000000002987b4d
Event: 3.030 Thread 0x0000000002460800 Implicit null exception at 0x0000000002982f83 to 0x000000000298317d

Events (10 events):
Event: 10.825 loading class java/util/IdentityHashMap$KeySet
Event: 10.825 loading class java/util/IdentityHashMap$KeySet done
Event: 10.825 loading class java/util/IdentityHashMap$KeyIterator
Event: 10.825 loading class java/util/IdentityHashMap$KeyIterator done
Event: 10.825 Thread 0x000000005ddd5000 Thread added: 0x000000005ddd5000
Event: 10.825 Thread 0x000000005ddd5800 Thread added: 0x000000005ddd5800
Event: 10.826 Thread 0x000000005ddd5800 Thread exited: 0x000000005ddd5800
Event: 10.827 Thread 0x000000001a32d000 Thread exited: 0x000000001a32d000
Event: 10.941 Thread 0x000000005ddd5000 Thread exited: 0x000000005ddd5000
Event: 10.942 Executing VM operation: Exit


Dynamic libraries:
0x00007ff744ed0000 - 0x00007ff744f07000 	C:\Program Files\Java\jre1.8.0_66\bin\javaw.exe
0x00007ff933570000 - 0x00007ff93371c000 	C:\Windows\SYSTEM32\ntdll.dll
0x00007ff9310e0000 - 0x00007ff93121e000 	C:\Windows\system32\KERNEL32.DLL
0x00007ff930ad0000 - 0x00007ff930be5000 	C:\Windows\system32\KERNELBASE.dll
0x00007ff92f260000 - 0x00007ff92f2ee000 	C:\Windows\system32\apphelp.dll
0x00007ff91c430000 - 0x00007ff91c483000 	C:\Windows\AppPatch\AppPatch64\AcGenral.DLL
0x00007ff931a40000 - 0x00007ff931aea000 	C:\Windows\system32\msvcrt.dll
0x00007ff9304f0000 - 0x00007ff93051e000 	C:\Windows\SYSTEM32\SspiCli.dll
0x00007ff9316f0000 - 0x00007ff931744000 	C:\Windows\system32\SHLWAPI.dll
0x00007ff930e30000 - 0x00007ff930fa7000 	C:\Windows\system32\USER32.dll
0x00007ff930bf0000 - 0x00007ff930d84000 	C:\Windows\system32\ole32.dll
0x00007ff931ef0000 - 0x00007ff93341b000 	C:\Windows\system32\SHELL32.dll
0x00007ff92fcc0000 - 0x00007ff92fce1000 	C:\Windows\SYSTEM32\USERENV.dll
0x00007ff9317b0000 - 0x00007ff93185a000 	C:\Windows\system32\ADVAPI32.dll
0x00007ff91bb40000 - 0x00007ff91bb5e000 	C:\Windows\SYSTEM32\MPR.dll
0x00007ff933420000 - 0x00007ff933561000 	C:\Windows\system32\RPCRT4.dll
0x00007ff931590000 - 0x00007ff9315e9000 	C:\Windows\SYSTEM32\sechost.dll
0x00007ff931370000 - 0x00007ff931581000 	C:\Windows\SYSTEM32\combase.dll
0x00007ff931220000 - 0x00007ff93136f000 	C:\Windows\system32\GDI32.dll
0x00007ff9306c0000 - 0x00007ff9306d5000 	C:\Windows\SYSTEM32\profapi.dll
0x00007ff92eec0000 - 0x00007ff92ef72000 	C:\Windows\SYSTEM32\SHCORE.dll
0x00007ff930df0000 - 0x00007ff930e26000 	C:\Windows\system32\IMM32.DLL
0x00007ff931cb0000 - 0x00007ff931e02000 	C:\Windows\system32\MSCTF.dll
0x00007ff92e340000 - 0x00007ff92e5bb000 	C:\Windows\WinSxS\amd64_microsoft.windows.common-controls_6595b64144ccf1df_6.0.9600.18006_none_623f33d3ecbe86e8\COMCTL32.dll
0x0000000060070000 - 0x0000000060142000 	C:\Program Files\Java\jre1.8.0_66\bin\msvcr100.dll
0x0000000060320000 - 0x0000000060ba9000 	C:\Program Files\Java\jre1.8.0_66\bin\server\jvm.dll
0x00007ff91f960000 - 0x00007ff91f969000 	C:\Windows\SYSTEM32\WSOCK32.dll
0x00007ff92e5c0000 - 0x00007ff92e5e2000 	C:\Windows\SYSTEM32\WINMM.dll
0x00007ff92e5f0000 - 0x00007ff92e5fa000 	C:\Windows\SYSTEM32\VERSION.dll
0x00007ff931620000 - 0x00007ff931627000 	C:\Windows\system32\PSAPI.DLL
0x00007ff930d90000 - 0x00007ff930dea000 	C:\Windows\system32\WS2_32.dll
0x00007ff92e300000 - 0x00007ff92e32a000 	C:\Windows\SYSTEM32\WINMMBASE.dll
0x00007ff931ca0000 - 0x00007ff931ca9000 	C:\Windows\system32\NSI.dll
0x00007ff930840000 - 0x00007ff93088f000 	C:\Windows\SYSTEM32\cfgmgr32.dll
0x00007ff92f4b0000 - 0x00007ff92f4d8000 	C:\Windows\SYSTEM32\DEVOBJ.dll
0x0000000060310000 - 0x000000006031f000 	C:\Program Files\Java\jre1.8.0_66\bin\verify.dll
0x00000000602e0000 - 0x0000000060309000 	C:\Program Files\Java\jre1.8.0_66\bin\java.dll
0x00000000602c0000 - 0x00000000602d6000 	C:\Program Files\Java\jre1.8.0_66\bin\zip.dll
0x000000005fed0000 - 0x0000000060068000 	C:\Program Files\Java\jre1.8.0_66\bin\awt.dll
0x00007ff931e20000 - 0x00007ff931ee1000 	C:\Windows\system32\OLEAUT32.dll
0x00007ff92f330000 - 0x00007ff92f459000 	C:\Windows\system32\uxtheme.dll
0x00007ff92ea10000 - 0x00007ff92ea31000 	C:\Windows\system32\dwmapi.dll
0x00007ff92f500000 - 0x00007ff92f50b000 	C:\Windows\SYSTEM32\kernel.appcore.dll
0x00007ff930590000 - 0x00007ff93059b000 	C:\Windows\SYSTEM32\CRYPTBASE.dll
0x00007ff930520000 - 0x00007ff930583000 	C:\Windows\SYSTEM32\bcryptPrimitives.dll
0x0000000180000000 - 0x0000000180053000 	C:\Users\Kévin\Documents\GitHub\RTS2\native\windows\lwjgl64.dll
0x00007ff915b40000 - 0x00007ff915c6b000 	C:\Windows\SYSTEM32\OPENGL32.dll
0x00007ff915a10000 - 0x00007ff915a3e000 	C:\Windows\SYSTEM32\GLU32.dll
0x00007ff9155a0000 - 0x00007ff915698000 	C:\Windows\SYSTEM32\DDRAW.dll
0x00007ff91b820000 - 0x00007ff91b829000 	C:\Windows\SYSTEM32\DCIMAN32.dll
0x00007ff905c00000 - 0x00007ff906527000 	C:\Windows\SYSTEM32\ig75icd64.dll
0x00007ff92ad50000 - 0x00007ff92b719000 	C:\Windows\SYSTEM32\igdusc64.dll
0x00007ff92ef80000 - 0x00007ff92ef92000 	C:\Windows\SYSTEM32\WTSAPI32.dll
0x00007ff92e600000 - 0x00007ff92e692000 	C:\Windows\SYSTEM32\mscms.dll
0x00007ff91b150000 - 0x00007ff91b191000 	C:\Windows\SYSTEM32\icm32.dll
0x00007ff930660000 - 0x00007ff9306a6000 	C:\Windows\SYSTEM32\powrprof.dll
0x000000005fe80000 - 0x000000005fec7000 	C:\Program Files\Java\jre1.8.0_66\bin\fontmanager.dll
0x00000000602a0000 - 0x00000000602ba000 	C:\Program Files\Java\jre1.8.0_66\bin\net.dll
0x00007ff92ff30000 - 0x00007ff92ff89000 	C:\Windows\system32\mswsock.dll
0x0000000060280000 - 0x0000000060291000 	C:\Program Files\Java\jre1.8.0_66\bin\nio.dll
0x000000005fe30000 - 0x000000005fe72000 	C:\Program Files\Java\jre1.8.0_66\bin\t2k.dll
0x000000005fe00000 - 0x000000005fe2a000 	C:\Program Files\Java\jre1.8.0_66\bin\dcpr.dll
0x000000001ba50000 - 0x000000001bab4000 	C:\Users\Kévin\Documents\GitHub\RTS2\native\windows\OpenAL64.dll
0x00007ff931630000 - 0x00007ff9316e6000 	C:\Windows\SYSTEM32\clbcatq.dll
0x00007ff92d540000 - 0x00007ff92d5b0000 	C:\Windows\System32\MMDevApi.dll
0x00007ff912a40000 - 0x00007ff912add000 	C:\Windows\SYSTEM32\dsound.dll
0x00007ff90c5f0000 - 0x00007ff90c712000 	C:\Users\Kévin\Documents\GitHub\RTS2\OpenAL64.dll
0x00007ff91c300000 - 0x00007ff91c33e000 	C:\Windows\SYSTEM32\wdmaud.drv
0x00007ff92c980000 - 0x00007ff92c988000 	C:\Windows\SYSTEM32\ksuser.dll
0x00007ff92c790000 - 0x00007ff92c79c000 	C:\Windows\SYSTEM32\AVRT.dll
0x00007ff91fad0000 - 0x00007ff91fb4e000 	C:\Windows\SYSTEM32\AUDIOSES.DLL
0x00007ff92d450000 - 0x00007ff92d45b000 	C:\Windows\SYSTEM32\msacm32.drv
0x00007ff92c7b0000 - 0x00007ff92c7cc000 	C:\Windows\SYSTEM32\MSACM32.dll
0x00007ff92d350000 - 0x00007ff92d35a000 	C:\Windows\SYSTEM32\midimap.dll
0x00007ff92ff90000 - 0x00007ff92ffb0000 	C:\Windows\SYSTEM32\CRYPTSP.dll
0x00007ff92fb20000 - 0x00007ff92fb56000 	C:\Windows\system32\rsaenh.dll
0x00007ff9301a0000 - 0x00007ff9301c6000 	C:\Windows\SYSTEM32\bcrypt.dll
0x00007ff92a3f0000 - 0x00007ff92a41a000 	C:\Windows\SYSTEM32\IPHLPAPI.DLL
0x00007ff92a3c0000 - 0x00007ff92a3ca000 	C:\Windows\SYSTEM32\WINNSI.DLL
0x00007ff929dc0000 - 0x00007ff929dd6000 	C:\Windows\SYSTEM32\dhcpcsvc6.DLL
0x00007ff92a000000 - 0x00007ff92a01a000 	C:\Windows\SYSTEM32\dhcpcsvc.DLL
0x000000005fdc0000 - 0x000000005fdf1000 	C:\Program Files\Java\jre1.8.0_66\bin\jpeg.dll
0x00007ff916ab0000 - 0x00007ff916ac5000 	C:\Windows\system32\napinsp.dll
0x00007ff91b740000 - 0x00007ff91b75a000 	C:\Windows\system32\pnrpnsp.dll
0x00007ff92da30000 - 0x00007ff92da4b000 	C:\Windows\system32\NLAapi.dll
0x00007ff92fd30000 - 0x00007ff92fdd4000 	C:\Windows\SYSTEM32\DNSAPI.dll
0x00007ff91b810000 - 0x00007ff91b81d000 	C:\Windows\System32\winrnr.dll
0x00007ff916a90000 - 0x00007ff916aa4000 	C:\Windows\system32\wshbth.dll
0x00007ff9200b0000 - 0x00007ff9200ba000 	C:\Windows\System32\rasadhlp.dll
0x00007ff929ed0000 - 0x00007ff929f3b000 	C:\Windows\System32\fwpuclnt.dll
0x00007ff92cf60000 - 0x00007ff92d0e9000 	C:\Windows\SYSTEM32\dbghelp.dll

VM Arguments:
jvm_args: -Dfile.encoding=Cp1252 
java_command: main.Main
java_class_path (initial): C:\Users\Kévin\Documents\GitHub\RTS2\bin;C:\Users\Kévin\Documents\GitHub\RTS2\jar\lwjgl.jar;C:\Users\Kévin\Documents\GitHub\RTS2\jar\slick.jar;C:\Users\Kévin\Documents\GitHub\RTS2\jar\jogg-0.0.7.jar;C:\Users\Kévin\Documents\GitHub\RTS2\jar\jorbis-0.0.15.jar
Launcher Type: SUN_STANDARD

Environment Variables:
PATH=C:/Program Files/Java/jre1.8.0_66/bin/server;C:/Program Files/Java/jre1.8.0_66/bin;C:/Program Files/Java/jre1.8.0_66/lib/amd64;C:\MinGW\bin;C:\MinGW\msys\1.0\bin;C:\ProgramData\Oracle\Java\javapath;C:\Program Files (x86)\NVIDIA Corporation\PhysX\Common;C:\Program Files (x86)\Intel\iCLS Client\;C:\Program Files\Intel\iCLS Client\;C:\Windows\system32;C:\Windows;C:\Windows\System32\Wbem;C:\Windows\System32\WindowsPowerShell\v1.0\;C:\Program Files\Intel\Intel(R) Management Engine Components\DAL;C:\Program Files (x86)\Intel\Intel(R) Management Engine Components\DAL;C:\Program Files\Intel\Intel(R) Management Engine Components\IPT;C:\Program Files (x86)\Intel\Intel(R) Management Engine Components\IPT;C:\Program Files\Intel\WiFi\bin\;C:\Program Files\Common Files\Intel\WirelessCommon\;C:\Program Files (x86)\QuickTime Alternative\QTSystem;C:\Program Files\MATLAB\R2012a\runtime\win64;C:\Program Files\MATLAB\R2012a\bin;C:\Program Files (x86)\Skype\Phone\;C:\Users\Kévin\AppData\Local\Programs\Python\Python35\Scripts\;C:\Users\Kévin\AppData\Local\Programs\Python\Python35\;;C:\Users\Kévin\Documents\eclipse;
USERNAME=Kévin
OS=Windows_NT
PROCESSOR_IDENTIFIER=Intel64 Family 6 Model 70 Stepping 1, GenuineIntel



---------------  S Y S T E M  ---------------

OS: Windows 8.1 , 64 bit Build 9600 (6.3.9600.17415)

CPU:total 8 (4 cores per cpu, 2 threads per core) family 6 model 70 stepping 1, cmov, cx8, fxsr, mmx, sse, sse2, sse3, ssse3, sse4.1, sse4.2, popcnt, avx, avx2, aes, clmul, erms, lzcnt, ht, tsc, tscinvbit, bmi1, bmi2

Memory: 4k page, physical 8274920k(4209992k free), swap 13255656k(8302824k free)

vm_info: Java HotSpot(TM) 64-Bit Server VM (25.66-b18) for windows-amd64 JRE (1.8.0_66-b18), built on Nov  9 2015 10:51:13 by "java_re" with MS VC++ 10.0 (VS2010)

time: Thu Dec 10 18:28:47 2015
elapsed time: 11 seconds (0d 0h 0m 11s)

