#
# A fatal error has been detected by the Java Runtime Environment:
#
#  EXCEPTION_ACCESS_VIOLATION (0xc0000005) at pc=0x00007ff91fad7ca5, pid=7280, tid=9064
#
# JRE version: Java(TM) SE Runtime Environment (8.0_66-b18) (build 1.8.0_66-b18)
# Java VM: Java HotSpot(TM) 64-Bit Server VM (25.66-b18 mixed mode windows-amd64 compressed oops)
# Problematic frame:
# C  [AUDIOSES.DLL+0x7ca5]
#
# Failed to write core dump. Minidumps are not enabled by default on client versions of Windows
#
# If you would like to submit a bug report, please visit:
#   http://bugreport.java.com/bugreport/crash.jsp
#

---------------  T H R E A D  ---------------

Current thread (0x0000000017729800):  VMThread [stack: 0x0000000019420000,0x0000000019520000] [id=9064]

siginfo: ExceptionCode=0xc0000005, reading address 0x000000001e7f0140

Registers:
RAX=0x00007ff91fae51b8, RBX=0x0000000000000001, RCX=0x000000001df50210, RDX=0x0000000000000001
RSP=0x000000001951ee50, RBP=0x00007ff91fad16a0, RSI=0x000000001e7f0140, RDI=0x000000001df50210
R8 =0x0000000000000000, R9 =0x0000000000000003, R10=0x00007ff933575740, R11=0x000000001951ee20
R12=0x0000000000000000, R13=0x0000000000000000, R14=0x000000001e5c0760, R15=0x0000000000000000
RIP=0x00007ff91fad7ca5, EFLAGS=0x0000000000010246

Top of Stack: (sp=0x000000001951ee50)
0x000000001951ee50:   0000000000bf0000 000000001df75720
0x000000001951ee60:   0000000000000000 0000000000000002
0x000000001951ee70:   000000001df50210 00007ff91fad7bd7
0x000000001951ee80:   0000000000000001 00007ff91fad79a0
0x000000001951ee90:   00007ff91fad1ec0 000000001df758b0
0x000000001951eea0:   000000001df50210 00007ff91fad7a19
0x000000001951eeb0:   0000000000000001 00007ff91fad79a0
0x000000001951eec0:   000000001e5c0760 000000001df75720
0x000000001951eed0:   fffffffffffffffe 00007ff91fad16a0
0x000000001951eee0:   000000001df50210 00007ff91fad79b4
0x000000001951eef0:   000000001df50210 0000000000000001
0x000000001951ef00:   00007ff91fad79a0 000000001df75720
0x000000001951ef10:   0000000000000000 00007ff91fad7952
0x000000001951ef20:   000000001df50210 000000001951ef58
0x000000001951ef30:   00000000214ad401 000000001e5c0790
0x000000001951ef40:   000000001e5c0760 00007ff90c6cddf6 

Instructions: (pc=0x00007ff91fad7ca5)
0x00007ff91fad7c85:   f9 0f 85 18 15 03 00 48 83 7f 78 00 0f 85 34 15
0x00007ff91fad7c95:   03 00 48 8b 77 70 48 85 f6 74 1a 48 83 67 70 00
0x00007ff91fad7ca5:   48 8b 06 48 8b 58 10 48 8b cb ff 15 3b 4c 06 00
0x00007ff91fad7cb5:   48 8b ce ff d3 48 8b 5c 24 30 48 8b 74 24 38 48 


Register to memory mapping:

RAX=0x00007ff91fae51b8 is an unknown value
RBX=0x0000000000000001 is an unknown value
RCX=0x000000001df50210 is an unknown value
RDX=0x0000000000000001 is an unknown value
RSP=0x000000001951ee50 is an unknown value
RBP=0x00007ff91fad16a0 is an unknown value
RSI=0x000000001e7f0140 is an unknown value
RDI=0x000000001df50210 is an unknown value
R8 =0x0000000000000000 is an unknown value
R9 =0x0000000000000003 is an unknown value
R10=0x00007ff933575740 is an unknown value
R11=0x000000001951ee20 is an unknown value
R12=0x0000000000000000 is an unknown value
R13=0x0000000000000000 is an unknown value
R14=0x000000001e5c0760 is an unknown value
R15=0x0000000000000000 is an unknown value


Stack: [0x0000000019420000,0x0000000019520000],  sp=0x000000001951ee50,  free space=1019k
Native frames: (J=compiled Java code, j=interpreted, Vv=VM code, C=native code)
C  [AUDIOSES.DLL+0x7ca5]
C  [AUDIOSES.DLL+0x7bd7]
C  [AUDIOSES.DLL+0x7a19]
C  [AUDIOSES.DLL+0x79b4]
C  [AUDIOSES.DLL+0x7952]
C  [dsound.dll+0x4ddf6]
C  [dsound.dll+0x4def0]
C  [dsound.dll+0x48cf2]
C  [dsound.dll+0x20404]
C  [dsound.dll+0x1d7f3]
C  [dsound.dll+0x4be5]
C  [dsound.dll+0xf1fe]
C  [dsound.dll+0x5fdc]
C  [dsound.dll+0x5f56]
C  [dsound.dll+0xdb8a]
C  [OpenAL64.dll+0xec2b]
C  [OpenAL64.dll+0x849b]
C  [OpenAL64.dll+0x84ea]
C  [OpenAL64.dll+0x851f]
C  [OpenAL64.dll+0x13d08]
C  [ntdll.dll+0x1c064]
C  [ntdll.dll+0x1b472]
C  [ntdll.dll+0x18498]
C  [KERNEL32.DLL+0x516a]
C  [msvcr100.dll+0x20ccd]
V  [jvm.dll+0x210cc5]
V  [jvm.dll+0x249897]
V  [jvm.dll+0x248b36]
V  [jvm.dll+0x248fd1]
V  [jvm.dll+0x2491ee]
V  [jvm.dll+0x29a0fa]
C  [msvcr100.dll+0x21d9f]
C  [msvcr100.dll+0x21e3b]
C  [KERNEL32.DLL+0x13d2]
C  [ntdll.dll+0x15454]

VM_Operation (0x000000000263f0c0): Exit, mode: safepoint, requested by thread 0x0000000002650800


---------------  P R O C E S S  ---------------

Java Threads: ( => current thread )
  0x000000004dcb6000 JavaThread "AWT-EventQueue-0" [_thread_blocked, id=7968, stack(0x000000001e050000,0x000000001e150000)]
  0x0000000022dc3800 JavaThread "AWT-Shutdown" [_thread_blocked, id=7220, stack(0x000000001dc70000,0x000000001dd70000)]
  0x000000001a585000 JavaThread "Java2D Disposer" daemon [_thread_blocked, id=8940, stack(0x000000001ad30000,0x000000001ae30000)]
  0x00000000198e2000 JavaThread "Service Thread" daemon [_thread_blocked, id=8068, stack(0x000000001a220000,0x000000001a320000)]
  0x000000001985a000 JavaThread "C1 CompilerThread3" daemon [_thread_blocked, id=8636, stack(0x000000001a120000,0x000000001a220000)]
  0x000000001984c800 JavaThread "C2 CompilerThread2" daemon [_thread_blocked, id=5604, stack(0x000000001a020000,0x000000001a120000)]
  0x000000001984b000 JavaThread "C2 CompilerThread1" daemon [_thread_blocked, id=8616, stack(0x0000000019f20000,0x000000001a020000)]
  0x0000000019844800 JavaThread "C2 CompilerThread0" daemon [_thread_blocked, id=2832, stack(0x0000000019e20000,0x0000000019f20000)]
  0x0000000019842800 JavaThread "Attach Listener" daemon [_thread_blocked, id=8936, stack(0x0000000019d20000,0x0000000019e20000)]
  0x000000001984f000 JavaThread "Signal Dispatcher" daemon [_thread_blocked, id=9168, stack(0x0000000019c20000,0x0000000019d20000)]
  0x0000000002749000 JavaThread "Finalizer" daemon [_thread_blocked, id=6248, stack(0x0000000019620000,0x0000000019720000)]
  0x0000000002742000 JavaThread "Reference Handler" daemon [_thread_blocked, id=5056, stack(0x0000000019520000,0x0000000019620000)]
  0x0000000002650800 JavaThread "main" [_thread_blocked, id=4680, stack(0x0000000002540000,0x0000000002640000)]

Other Threads:
=>0x0000000017729800 VMThread [stack: 0x0000000019420000,0x0000000019520000] [id=9064]

VM state:at safepoint (shutting down)

VM Mutex/Monitor currently owned by a thread:  ([mutex/lock_event])
[0x000000000276bf20] Threads_lock - owner thread: 0x0000000017729800

Heap:
 PSYoungGen      total 251392K, used 202247K [0x00000000d5e00000, 0x00000000e5d00000, 0x0000000100000000)
  eden space 244736K, 82% used [0x00000000d5e00000,0x00000000e2381dd0,0x00000000e4d00000)
  from space 6656K, 0% used [0x00000000e5380000,0x00000000e5380000,0x00000000e5a00000)
  to   space 6656K, 0% used [0x00000000e4d00000,0x00000000e4d00000,0x00000000e5380000)
 ParOldGen       total 127488K, used 35687K [0x0000000081a00000, 0x0000000089680000, 0x00000000d5e00000)
  object space 127488K, 27% used [0x0000000081a00000,0x0000000083cd9fc0,0x0000000089680000)
 Metaspace       used 12027K, capacity 12241K, committed 12288K, reserved 1060864K
  class space    used 1195K, capacity 1279K, committed 1280K, reserved 1048576K

Card table byte_map: [0x0000000011b30000,0x0000000011f30000] byte_map_base: 0x0000000011723000

Marking Bits: (ParMarkBitMap*) 0x0000000060b2a5b0
 Begin Bits: [0x00000000129e0000, 0x0000000014978000)
 End Bits:   [0x0000000014978000, 0x0000000016910000)

Polling page: 0x0000000000dc0000

CodeCache: size=245760Kb used=8986Kb max_used=9013Kb free=236773Kb
 bounds [0x0000000002770000, 0x0000000003050000, 0x0000000011770000]
 total_blobs=2607 nmethods=2021 adapters=499
 compilation: enabled

Compilation events (10 events):
Event: 19.739 Thread 0x000000001985a000 nmethod 2019 0x0000000002fba7d0 code [0x0000000002fba980, 0x0000000002fbaef8]
Event: 19.872 Thread 0x000000001985a000 2020       1       buildings.Building::drawAnimation (1 bytes)
Event: 19.872 Thread 0x000000001985a000 nmethod 2020 0x0000000002fb8ad0 code [0x0000000002fb8c20, 0x0000000002fb8d30]
Event: 20.154 Thread 0x000000001984c800 2021   !   4       org.lwjgl.input.Keyboard::isKeyDown (45 bytes)
Event: 20.155 Thread 0x000000001984c800 nmethod 2021 0x0000000002fba290 code [0x0000000002fba3e0, 0x0000000002fba678]
Event: 20.171 Thread 0x000000001985a000 2022       3       model.IAPlayer::commonUpdate (53 bytes)
Event: 20.171 Thread 0x000000001985a000 nmethod 2022 0x00000000030189d0 code [0x0000000003018ba0, 0x0000000003019318]
Event: 20.238 Thread 0x0000000019844800 2023 %     4       java.util.Arrays::fill @ 5 (21 bytes)
Event: 20.240 Thread 0x0000000019844800 nmethod 2023% 0x000000000301b590 code [0x000000000301b6e0, 0x000000000301b8f8]
Event: 20.336 Thread 0x000000001984b000 nmethod 2018% 0x000000000303cf10 code [0x000000000303d1e0, 0x0000000003042d98]

GC Heap History (10 events):
Event: 2.913 GC heap before
{Heap before GC invocations=6 (full 1):
 PSYoungGen      total 71680K, used 3208K [0x00000000d5e00000, 0x00000000dec00000, 0x0000000100000000)
  eden space 66560K, 0% used [0x00000000d5e00000,0x00000000d5e00000,0x00000000d9f00000)
  from space 5120K, 62% used [0x00000000d9f00000,0x00000000da222178,0x00000000da400000)
  to   space 6144K, 0% used [0x00000000de600000,0x00000000de600000,0x00000000dec00000)
 ParOldGen       total 87552K, used 87110K [0x0000000081a00000, 0x0000000086f80000, 0x00000000d5e00000)
  object space 87552K, 99% used [0x0000000081a00000,0x0000000086f11b78,0x0000000086f80000)
 Metaspace       used 10444K, capacity 10577K, committed 10624K, reserved 1058816K
  class space    used 1096K, capacity 1151K, committed 1152K, reserved 1048576K
Event: 2.931 GC heap after
Heap after GC invocations=6 (full 1):
 PSYoungGen      total 71680K, used 0K [0x00000000d5e00000, 0x00000000dec00000, 0x0000000100000000)
  eden space 66560K, 0% used [0x00000000d5e00000,0x00000000d5e00000,0x00000000d9f00000)
  from space 5120K, 0% used [0x00000000d9f00000,0x00000000d9f00000,0x00000000da400000)
  to   space 6144K, 0% used [0x00000000de600000,0x00000000de600000,0x00000000dec00000)
 ParOldGen       total 130560K, used 35456K [0x0000000081a00000, 0x0000000089980000, 0x00000000d5e00000)
  object space 130560K, 27% used [0x0000000081a00000,0x0000000083ca01c8,0x0000000089980000)
 Metaspace       used 10444K, capacity 10577K, committed 10624K, reserved 1058816K
  class space    used 1096K, capacity 1151K, committed 1152K, reserved 1048576K
}
Event: 3.081 GC heap before
{Heap before GC invocations=7 (full 1):
 PSYoungGen      total 71680K, used 66560K [0x00000000d5e00000, 0x00000000dec00000, 0x0000000100000000)
  eden space 66560K, 100% used [0x00000000d5e00000,0x00000000d9f00000,0x00000000d9f00000)
  from space 5120K, 0% used [0x00000000d9f00000,0x00000000d9f00000,0x00000000da400000)
  to   space 6144K, 0% used [0x00000000de600000,0x00000000de600000,0x00000000dec00000)
 ParOldGen       total 130560K, used 35456K [0x0000000081a00000, 0x0000000089980000, 0x00000000d5e00000)
  object space 130560K, 27% used [0x0000000081a00000,0x0000000083ca01c8,0x0000000089980000)
 Metaspace       used 10582K, capacity 10705K, committed 10880K, reserved 1058816K
  class space    used 1105K, capacity 1151K, committed 1152K, reserved 1048576K
Event: 3.086 GC heap after
Heap after GC invocations=7 (full 1):
 PSYoungGen      total 133120K, used 4384K [0x00000000d5e00000, 0x00000000dea80000, 0x0000000100000000)
  eden space 128512K, 0% used [0x00000000d5e00000,0x00000000d5e00000,0x00000000ddb80000)
  from space 4608K, 95% used [0x00000000de600000,0x00000000dea48010,0x00000000dea80000)
  to   space 6144K, 0% used [0x00000000dde80000,0x00000000dde80000,0x00000000de480000)
 ParOldGen       total 130560K, used 55944K [0x0000000081a00000, 0x0000000089980000, 0x00000000d5e00000)
  object space 130560K, 42% used [0x0000000081a00000,0x00000000850a2218,0x0000000089980000)
 Metaspace       used 10582K, capacity 10705K, committed 10880K, reserved 1058816K
  class space    used 1105K, capacity 1151K, committed 1152K, reserved 1048576K
}
Event: 5.299 GC heap before
{Heap before GC invocations=8 (full 1):
 PSYoungGen      total 133120K, used 115904K [0x00000000d5e00000, 0x00000000dea80000, 0x0000000100000000)
  eden space 128512K, 86% used [0x00000000d5e00000,0x00000000dcae82f8,0x00000000ddb80000)
  from space 4608K, 95% used [0x00000000de600000,0x00000000dea48010,0x00000000dea80000)
  to   space 6144K, 0% used [0x00000000dde80000,0x00000000dde80000,0x00000000de480000)
 ParOldGen       total 130560K, used 55944K [0x0000000081a00000, 0x0000000089980000, 0x00000000d5e00000)
  object space 130560K, 42% used [0x0000000081a00000,0x00000000850a2218,0x0000000089980000)
 Metaspace       used 10671K, capacity 10833K, committed 10880K, reserved 1058816K
  class space    used 1110K, capacity 1151K, committed 1152K, reserved 1048576K
Event: 5.303 GC heap after
Heap after GC invocations=8 (full 1):
 PSYoungGen      total 137728K, used 1033K [0x00000000d5e00000, 0x00000000e5a00000, 0x0000000100000000)
  eden space 131584K, 0% used [0x00000000d5e00000,0x00000000d5e00000,0x00000000dde80000)
  from space 6144K, 16% used [0x00000000dde80000,0x00000000ddf82480,0x00000000de480000)
  to   space 6656K, 0% used [0x00000000e5380000,0x00000000e5380000,0x00000000e5a00000)
 ParOldGen       total 130560K, used 72336K [0x0000000081a00000, 0x0000000089980000, 0x00000000d5e00000)
  object space 130560K, 55% used [0x0000000081a00000,0x00000000860a4228,0x0000000089980000)
 Metaspace       used 10671K, capacity 10833K, committed 10880K, reserved 1058816K
  class space    used 1110K, capacity 1151K, committed 1152K, reserved 1048576K
}
Event: 6.535 GC heap before
{Heap before GC invocations=9 (full 1):
 PSYoungGen      total 137728K, used 125685K [0x00000000d5e00000, 0x00000000e5a00000, 0x0000000100000000)
  eden space 131584K, 94% used [0x00000000d5e00000,0x00000000dd7bb378,0x00000000dde80000)
  from space 6144K, 16% used [0x00000000dde80000,0x00000000ddf82480,0x00000000de480000)
  to   space 6656K, 0% used [0x00000000e5380000,0x00000000e5380000,0x00000000e5a00000)
 ParOldGen       total 130560K, used 72336K [0x0000000081a00000, 0x0000000089980000, 0x00000000d5e00000)
  object space 130560K, 55% used [0x0000000081a00000,0x00000000860a4228,0x0000000089980000)
 Metaspace       used 10674K, capacity 10833K, committed 10880K, reserved 1058816K
  class space    used 1110K, capacity 1151K, committed 1152K, reserved 1048576K
Event: 6.550 GC heap after
Heap after GC invocations=9 (full 1):
 PSYoungGen      total 251392K, used 587K [0x00000000d5e00000, 0x00000000e5d00000, 0x0000000100000000)
  eden space 244736K, 0% used [0x00000000d5e00000,0x00000000d5e00000,0x00000000e4d00000)
  from space 6656K, 8% used [0x00000000e5380000,0x00000000e5412c58,0x00000000e5a00000)
  to   space 6656K, 0% used [0x00000000e4d00000,0x00000000e4d00000,0x00000000e5380000)
 ParOldGen       total 130560K, used 105104K [0x0000000081a00000, 0x0000000089980000, 0x00000000d5e00000)
  object space 130560K, 80% used [0x0000000081a00000,0x00000000880a4238,0x0000000089980000)
 Metaspace       used 10674K, capacity 10833K, committed 10880K, reserved 1058816K
  class space    used 1110K, capacity 1151K, committed 1152K, reserved 1048576K
}
Event: 6.550 GC heap before
{Heap before GC invocations=10 (full 2):
 PSYoungGen      total 251392K, used 587K [0x00000000d5e00000, 0x00000000e5d00000, 0x0000000100000000)
  eden space 244736K, 0% used [0x00000000d5e00000,0x00000000d5e00000,0x00000000e4d00000)
  from space 6656K, 8% used [0x00000000e5380000,0x00000000e5412c58,0x00000000e5a00000)
  to   space 6656K, 0% used [0x00000000e4d00000,0x00000000e4d00000,0x00000000e5380000)
 ParOldGen       total 130560K, used 105104K [0x0000000081a00000, 0x0000000089980000, 0x00000000d5e00000)
  object space 130560K, 80% used [0x0000000081a00000,0x00000000880a4238,0x0000000089980000)
 Metaspace       used 10674K, capacity 10833K, committed 10880K, reserved 1058816K
  class space    used 1110K, capacity 1151K, committed 1152K, reserved 1048576K
Event: 6.564 GC heap after
Heap after GC invocations=10 (full 2):
 PSYoungGen      total 251392K, used 0K [0x00000000d5e00000, 0x00000000e5d00000, 0x0000000100000000)
  eden space 244736K, 0% used [0x00000000d5e00000,0x00000000d5e00000,0x00000000e4d00000)
  from space 6656K, 0% used [0x00000000e5380000,0x00000000e5380000,0x00000000e5a00000)
  to   space 6656K, 0% used [0x00000000e4d00000,0x00000000e4d00000,0x00000000e5380000)
 ParOldGen       total 127488K, used 35687K [0x0000000081a00000, 0x0000000089680000, 0x00000000d5e00000)
  object space 127488K, 27% used [0x0000000081a00000,0x0000000083cd9fc0,0x0000000089680000)
 Metaspace       used 10674K, capacity 10833K, committed 10880K, reserved 1058816K
  class space    used 1110K, capacity 1151K, committed 1152K, reserved 1048576K
}

Deoptimization events (10 events):
Event: 8.320 Thread 0x0000000002650800 Uncommon trap: reason=class_check action=maybe_recompile pc=0x0000000002b6625c method=java.util.HashMap.putVal(ILjava/lang/Object;Ljava/lang/Object;ZZ)Ljava/lang/Object; @ 253
Event: 8.320 Thread 0x0000000002650800 Uncommon trap: reason=class_check action=maybe_recompile pc=0x0000000002b6625c method=java.util.HashMap.putVal(ILjava/lang/Object;Ljava/lang/Object;ZZ)Ljava/lang/Object; @ 253
Event: 8.320 Thread 0x0000000002650800 Uncommon trap: reason=class_check action=maybe_recompile pc=0x0000000002b6625c method=java.util.HashMap.putVal(ILjava/lang/Object;Ljava/lang/Object;ZZ)Ljava/lang/Object; @ 253
Event: 8.321 Thread 0x0000000002650800 Uncommon trap: reason=class_check action=maybe_recompile pc=0x0000000002b6625c method=java.util.HashMap.putVal(ILjava/lang/Object;Ljava/lang/Object;ZZ)Ljava/lang/Object; @ 253
Event: 12.657 Thread 0x0000000002650800 Uncommon trap: reason=unstable_if action=reinterpret pc=0x0000000002d27c24 method=org.newdawn.slick.Graphics.setCurrent(Lorg/newdawn/slick/Graphics;)V @ 4
Event: 12.677 Thread 0x0000000002650800 Uncommon trap: reason=unstable_if action=reinterpret pc=0x0000000002d3dd44 method=org.newdawn.slick.Graphics.setCurrent(Lorg/newdawn/slick/Graphics;)V @ 4
Event: 13.909 Thread 0x0000000002650800 Uncommon trap: reason=unstable_if action=reinterpret pc=0x0000000002dee1d8 method=org.lwjgl.input.Keyboard.isKeyDown(I)Z @ 29
Event: 15.841 Thread 0x0000000002650800 Uncommon trap: reason=unstable_if action=reinterpret pc=0x0000000002ee8728 method=model.Plateau.isVisibleByCamera(Lmodel/Objet;)Z @ 15
Event: 16.605 Thread 0x0000000002650800 Uncommon trap: reason=unstable_if action=reinterpret pc=0x0000000002d6d330 method=java.lang.StrictMath.floorOrCeil(DDDD)D @ 115
Event: 20.933 Thread 0x0000000002650800 Uncommon trap: reason=class_check action=maybe_recompile pc=0x0000000002d885b4 method=java.util.Arrays.copyOf([Ljava/lang/Object;ILjava/lang/Class;)[Ljava/lang/Object; @ 24

Internal exceptions (10 events):
Event: 1.145 Thread 0x0000000002650800 Exception <a 'org/lwjgl/LWJGLException'> (0x00000000d6dd72b8) thrown at [C:\re\workspace\8-2-build-windows-amd64-cygwin\jdk8u66\5298\hotspot\src\share\vm\prims\jni.cpp, line 709]
Event: 1.145 Thread 0x0000000002650800 Exception <a 'org/lwjgl/LWJGLException'> (0x00000000d6dd7848) thrown at [C:\re\workspace\8-2-build-windows-amd64-cygwin\jdk8u66\5298\hotspot\src\share\vm\prims\jni.cpp, line 709]
Event: 1.145 Thread 0x0000000002650800 Exception <a 'org/lwjgl/LWJGLException'> (0x00000000d6dd7df8) thrown at [C:\re\workspace\8-2-build-windows-amd64-cygwin\jdk8u66\5298\hotspot\src\share\vm\prims\jni.cpp, line 709]
Event: 1.145 Thread 0x0000000002650800 Exception <a 'org/lwjgl/LWJGLException'> (0x00000000d6dd8480) thrown at [C:\re\workspace\8-2-build-windows-amd64-cygwin\jdk8u66\5298\hotspot\src\share\vm\prims\jni.cpp, line 709]
Event: 1.145 Thread 0x0000000002650800 Exception <a 'org/lwjgl/LWJGLException'> (0x00000000d6dd8ab0) thrown at [C:\re\workspace\8-2-build-windows-amd64-cygwin\jdk8u66\5298\hotspot\src\share\vm\prims\jni.cpp, line 709]
Event: 1.214 Thread 0x0000000002650800 Exception <a 'org/lwjgl/LWJGLException': Missing driver symbols> (0x00000000d6de2648) thrown at [C:\re\workspace\8-2-build-windows-amd64-cygwin\jdk8u66\5298\hotspot\src\share\vm\prims\jni.cpp, line 735]
Event: 1.215 Thread 0x0000000002650800 Exception <a 'org/lwjgl/LWJGLException': Missing driver symbols> (0x00000000d6de2ef8) thrown at [C:\re\workspace\8-2-build-windows-amd64-cygwin\jdk8u66\5298\hotspot\src\share\vm\prims\jni.cpp, line 735]
Event: 2.963 Thread 0x0000000002650800 Implicit null exception at 0x0000000002bb3522 to 0x0000000002bb3a8d
Event: 2.963 Thread 0x0000000002650800 Implicit null exception at 0x0000000002b98083 to 0x0000000002b9827d
Event: 8.082 Thread 0x0000000002650800 Implicit null exception at 0x0000000002c73f58 to 0x0000000002c74285

Events (10 events):
Event: 20.933 loading class java/util/IdentityHashMap$KeyIterator done
Event: 20.933 Thread 0x0000000002650800 Uncommon trap: trap_request=0xffffffde fr.pc=0x0000000002d885b4
Event: 20.933 Thread 0x0000000002650800 DEOPT PACKING pc=0x0000000002d885b4 sp=0x000000000263eea0
Event: 20.933 Thread 0x0000000002650800 DEOPT UNPACKING pc=0x00000000027b582a sp=0x000000000263ee58 mode 2
Event: 20.933 Thread 0x0000000022b2f000 Thread added: 0x0000000022b2f000
Event: 20.933 Thread 0x00000000226e9800 Thread added: 0x00000000226e9800
Event: 20.933 Thread 0x0000000022b2f000 Thread exited: 0x0000000022b2f000
Event: 20.936 Thread 0x000000001a593800 Thread exited: 0x000000001a593800
Event: 21.035 Thread 0x00000000226e9800 Thread exited: 0x00000000226e9800
Event: 21.035 Executing VM operation: Exit


Dynamic libraries:
0x00007ff744ed0000 - 0x00007ff744f07000 	C:\Program Files\Java\jre1.8.0_66\bin\javaw.exe
0x00007ff933570000 - 0x00007ff93371c000 	C:\Windows\SYSTEM32\ntdll.dll
0x00007ff9310e0000 - 0x00007ff93121e000 	C:\Windows\system32\KERNEL32.DLL
0x00007ff930ad0000 - 0x00007ff930be5000 	C:\Windows\system32\KERNELBASE.dll
0x00007ff92f260000 - 0x00007ff92f2ee000 	C:\Windows\system32\apphelp.dll
0x00007ff91b070000 - 0x00007ff91b0c3000 	C:\Windows\AppPatch\AppPatch64\AcGenral.DLL
0x00007ff931a40000 - 0x00007ff931aea000 	C:\Windows\system32\msvcrt.dll
0x00007ff9304f0000 - 0x00007ff93051e000 	C:\Windows\SYSTEM32\SspiCli.dll
0x00007ff9316f0000 - 0x00007ff931744000 	C:\Windows\system32\SHLWAPI.dll
0x00007ff930e30000 - 0x00007ff930fa7000 	C:\Windows\system32\USER32.dll
0x00007ff930bf0000 - 0x00007ff930d84000 	C:\Windows\system32\ole32.dll
0x00007ff931ef0000 - 0x00007ff93341b000 	C:\Windows\system32\SHELL32.dll
0x00007ff92fcc0000 - 0x00007ff92fce1000 	C:\Windows\SYSTEM32\USERENV.dll
0x00007ff9317b0000 - 0x00007ff93185a000 	C:\Windows\system32\ADVAPI32.dll
0x00007ff91bb40000 - 0x00007ff91bb5e000 	C:\Windows\SYSTEM32\MPR.dll
0x00007ff933420000 - 0x00007ff933561000 	C:\Windows\system32\RPCRT4.dll
0x00007ff931590000 - 0x00007ff9315e9000 	C:\Windows\SYSTEM32\sechost.dll
0x00007ff931370000 - 0x00007ff931581000 	C:\Windows\SYSTEM32\combase.dll
0x00007ff931220000 - 0x00007ff93136f000 	C:\Windows\system32\GDI32.dll
0x00007ff9306c0000 - 0x00007ff9306d5000 	C:\Windows\SYSTEM32\profapi.dll
0x00007ff92eec0000 - 0x00007ff92ef72000 	C:\Windows\SYSTEM32\SHCORE.dll
0x00007ff930df0000 - 0x00007ff930e26000 	C:\Windows\system32\IMM32.DLL
0x00007ff931cb0000 - 0x00007ff931e02000 	C:\Windows\system32\MSCTF.dll
0x00007ff92e340000 - 0x00007ff92e5bb000 	C:\Windows\WinSxS\amd64_microsoft.windows.common-controls_6595b64144ccf1df_6.0.9600.18006_none_623f33d3ecbe86e8\COMCTL32.dll
0x0000000060050000 - 0x0000000060122000 	C:\Program Files\Java\jre1.8.0_66\bin\msvcr100.dll
0x0000000060320000 - 0x0000000060ba9000 	C:\Program Files\Java\jre1.8.0_66\bin\server\jvm.dll
0x00007ff91f960000 - 0x00007ff91f969000 	C:\Windows\SYSTEM32\WSOCK32.dll
0x00007ff92e5c0000 - 0x00007ff92e5e2000 	C:\Windows\SYSTEM32\WINMM.dll
0x00007ff92e5f0000 - 0x00007ff92e5fa000 	C:\Windows\SYSTEM32\VERSION.dll
0x00007ff931620000 - 0x00007ff931627000 	C:\Windows\system32\PSAPI.DLL
0x00007ff930d90000 - 0x00007ff930dea000 	C:\Windows\system32\WS2_32.dll
0x00007ff92e300000 - 0x00007ff92e32a000 	C:\Windows\SYSTEM32\WINMMBASE.dll
0x00007ff931ca0000 - 0x00007ff931ca9000 	C:\Windows\system32\NSI.dll
0x00007ff930840000 - 0x00007ff93088f000 	C:\Windows\SYSTEM32\cfgmgr32.dll
0x00007ff92f4b0000 - 0x00007ff92f4d8000 	C:\Windows\SYSTEM32\DEVOBJ.dll
0x0000000060310000 - 0x000000006031f000 	C:\Program Files\Java\jre1.8.0_66\bin\verify.dll
0x00000000602e0000 - 0x0000000060309000 	C:\Program Files\Java\jre1.8.0_66\bin\java.dll
0x00000000602c0000 - 0x00000000602d6000 	C:\Program Files\Java\jre1.8.0_66\bin\zip.dll
0x000000005feb0000 - 0x0000000060048000 	C:\Program Files\Java\jre1.8.0_66\bin\awt.dll
0x00007ff931e20000 - 0x00007ff931ee1000 	C:\Windows\system32\OLEAUT32.dll
0x00007ff92f330000 - 0x00007ff92f459000 	C:\Windows\system32\uxtheme.dll
0x00007ff92ea10000 - 0x00007ff92ea31000 	C:\Windows\system32\dwmapi.dll
0x00007ff92f500000 - 0x00007ff92f50b000 	C:\Windows\SYSTEM32\kernel.appcore.dll
0x00007ff930590000 - 0x00007ff93059b000 	C:\Windows\SYSTEM32\CRYPTBASE.dll
0x00007ff930520000 - 0x00007ff930583000 	C:\Windows\SYSTEM32\bcryptPrimitives.dll
0x0000000180000000 - 0x0000000180053000 	C:\Users\Kévin\Documents\GitHub\RTS2\native\windows\lwjgl64.dll
0x00007ff915b40000 - 0x00007ff915c6b000 	C:\Windows\SYSTEM32\OPENGL32.dll
0x00007ff915a10000 - 0x00007ff915a3e000 	C:\Windows\SYSTEM32\GLU32.dll
0x00007ff9155a0000 - 0x00007ff915698000 	C:\Windows\SYSTEM32\DDRAW.dll
0x00007ff91b820000 - 0x00007ff91b829000 	C:\Windows\SYSTEM32\DCIMAN32.dll
0x00007ff9010f0000 - 0x00007ff901a17000 	C:\Windows\SYSTEM32\ig75icd64.dll
0x00007ff92ad50000 - 0x00007ff92b719000 	C:\Windows\SYSTEM32\igdusc64.dll
0x00007ff92ef80000 - 0x00007ff92ef92000 	C:\Windows\SYSTEM32\WTSAPI32.dll
0x00007ff92e600000 - 0x00007ff92e692000 	C:\Windows\SYSTEM32\mscms.dll
0x00007ff912920000 - 0x00007ff912961000 	C:\Windows\SYSTEM32\icm32.dll
0x00007ff930660000 - 0x00007ff9306a6000 	C:\Windows\SYSTEM32\powrprof.dll
0x000000005fe60000 - 0x000000005fea7000 	C:\Program Files\Java\jre1.8.0_66\bin\fontmanager.dll
0x00000000602a0000 - 0x00000000602ba000 	C:\Program Files\Java\jre1.8.0_66\bin\net.dll
0x00007ff92ff30000 - 0x00007ff92ff89000 	C:\Windows\system32\mswsock.dll
0x0000000060280000 - 0x0000000060291000 	C:\Program Files\Java\jre1.8.0_66\bin\nio.dll
0x000000005fe10000 - 0x000000005fe52000 	C:\Program Files\Java\jre1.8.0_66\bin\t2k.dll
0x000000005fde0000 - 0x000000005fe0a000 	C:\Program Files\Java\jre1.8.0_66\bin\dcpr.dll
0x000000001e3f0000 - 0x000000001e454000 	C:\Users\Kévin\Documents\GitHub\RTS2\native\windows\OpenAL64.dll
0x00007ff931630000 - 0x00007ff9316e6000 	C:\Windows\SYSTEM32\clbcatq.dll
0x00007ff92d540000 - 0x00007ff92d5b0000 	C:\Windows\System32\MMDevApi.dll
0x00007ff90c680000 - 0x00007ff90c71d000 	C:\Windows\SYSTEM32\dsound.dll
0x00007ff90b6f0000 - 0x00007ff90b812000 	C:\Users\Kévin\Documents\GitHub\RTS2\OpenAL64.dll
0x00007ff91c300000 - 0x00007ff91c33e000 	C:\Windows\SYSTEM32\wdmaud.drv
0x00007ff92c980000 - 0x00007ff92c988000 	C:\Windows\SYSTEM32\ksuser.dll
0x00007ff92c790000 - 0x00007ff92c79c000 	C:\Windows\SYSTEM32\AVRT.dll
0x00007ff91fad0000 - 0x00007ff91fb4e000 	C:\Windows\SYSTEM32\AUDIOSES.DLL
0x00007ff92d450000 - 0x00007ff92d45b000 	C:\Windows\SYSTEM32\msacm32.drv
0x00007ff92c7b0000 - 0x00007ff92c7cc000 	C:\Windows\SYSTEM32\MSACM32.dll
0x00007ff92d350000 - 0x00007ff92d35a000 	C:\Windows\SYSTEM32\midimap.dll
0x00007ff92ff90000 - 0x00007ff92ffb0000 	C:\Windows\SYSTEM32\CRYPTSP.dll
0x00007ff92fb20000 - 0x00007ff92fb56000 	C:\Windows\system32\rsaenh.dll
0x00007ff9301a0000 - 0x00007ff9301c6000 	C:\Windows\SYSTEM32\bcrypt.dll
0x00007ff92a3f0000 - 0x00007ff92a41a000 	C:\Windows\SYSTEM32\IPHLPAPI.DLL
0x00007ff92a3c0000 - 0x00007ff92a3ca000 	C:\Windows\SYSTEM32\WINNSI.DLL
0x00007ff929dc0000 - 0x00007ff929dd6000 	C:\Windows\SYSTEM32\dhcpcsvc6.DLL
0x00007ff92a000000 - 0x00007ff92a01a000 	C:\Windows\SYSTEM32\dhcpcsvc.DLL
0x000000005fda0000 - 0x000000005fdd1000 	C:\Program Files\Java\jre1.8.0_66\bin\jpeg.dll
0x00007ff916ab0000 - 0x00007ff916ac5000 	C:\Windows\system32\napinsp.dll
0x00007ff91b740000 - 0x00007ff91b75a000 	C:\Windows\system32\pnrpnsp.dll
0x00007ff92da30000 - 0x00007ff92da4b000 	C:\Windows\system32\NLAapi.dll
0x00007ff92fd30000 - 0x00007ff92fdd4000 	C:\Windows\SYSTEM32\DNSAPI.dll
0x00007ff91b810000 - 0x00007ff91b81d000 	C:\Windows\System32\winrnr.dll
0x00007ff916a90000 - 0x00007ff916aa4000 	C:\Windows\system32\wshbth.dll
0x00007ff9200b0000 - 0x00007ff9200ba000 	C:\Windows\System32\rasadhlp.dll
0x00007ff929ed0000 - 0x00007ff929f3b000 	C:\Windows\System32\fwpuclnt.dll
0x00007ff92cf60000 - 0x00007ff92d0e9000 	C:\Windows\SYSTEM32\dbghelp.dll

VM Arguments:
jvm_args: -Dfile.encoding=Cp1252 
java_command: main.Main
java_class_path (initial): C:\Users\Kévin\Documents\GitHub\RTS2\bin;C:\Users\Kévin\Documents\GitHub\RTS2\jar\lwjgl.jar;C:\Users\Kévin\Documents\GitHub\RTS2\jar\slick.jar;C:\Users\Kévin\Documents\GitHub\RTS2\jar\jogg-0.0.7.jar;C:\Users\Kévin\Documents\GitHub\RTS2\jar\jorbis-0.0.15.jar
Launcher Type: SUN_STANDARD

Environment Variables:
PATH=C:/Program Files/Java/jre1.8.0_66/bin/server;C:/Program Files/Java/jre1.8.0_66/bin;C:/Program Files/Java/jre1.8.0_66/lib/amd64;C:\MinGW\bin;C:\MinGW\msys\1.0\bin;C:\ProgramData\Oracle\Java\javapath;C:\Program Files (x86)\NVIDIA Corporation\PhysX\Common;C:\Program Files (x86)\Intel\iCLS Client\;C:\Program Files\Intel\iCLS Client\;C:\Windows\system32;C:\Windows;C:\Windows\System32\Wbem;C:\Windows\System32\WindowsPowerShell\v1.0\;C:\Program Files\Intel\Intel(R) Management Engine Components\DAL;C:\Program Files (x86)\Intel\Intel(R) Management Engine Components\DAL;C:\Program Files\Intel\Intel(R) Management Engine Components\IPT;C:\Program Files (x86)\Intel\Intel(R) Management Engine Components\IPT;C:\Program Files\Intel\WiFi\bin\;C:\Program Files\Common Files\Intel\WirelessCommon\;C:\Program Files (x86)\QuickTime Alternative\QTSystem;C:\Program Files\MATLAB\R2012a\runtime\win64;C:\Program Files\MATLAB\R2012a\bin;C:\Program Files (x86)\Skype\Phone\;C:\Users\Kévin\AppData\Local\Programs\Python\Python35\Scripts\;C:\Users\Kévin\AppData\Local\Programs\Python\Python35\;;C:\Users\Kévin\Documents\eclipse;
USERNAME=Kévin
OS=Windows_NT
PROCESSOR_IDENTIFIER=Intel64 Family 6 Model 70 Stepping 1, GenuineIntel



---------------  S Y S T E M  ---------------

OS: Windows 8.1 , 64 bit Build 9600 (6.3.9600.17415)

CPU:total 8 (4 cores per cpu, 2 threads per core) family 6 model 70 stepping 1, cmov, cx8, fxsr, mmx, sse, sse2, sse3, ssse3, sse4.1, sse4.2, popcnt, avx, avx2, aes, clmul, erms, lzcnt, ht, tsc, tscinvbit, bmi1, bmi2

Memory: 4k page, physical 8274920k(3786912k free), swap 13255656k(7801440k free)

vm_info: Java HotSpot(TM) 64-Bit Server VM (25.66-b18) for windows-amd64 JRE (1.8.0_66-b18), built on Nov  9 2015 10:51:13 by "java_re" with MS VC++ 10.0 (VS2010)

time: Thu Dec 10 20:37:59 2015
elapsed time: 21 seconds (0d 0h 0m 21s)

