#
# A fatal error has been detected by the Java Runtime Environment:
#
#  EXCEPTION_ACCESS_VIOLATION (0xc0000005) at pc=0x00007ff91fad7ca5, pid=10056, tid=9688
#
# JRE version: Java(TM) SE Runtime Environment (8.0_66-b18) (build 1.8.0_66-b18)
# Java VM: Java HotSpot(TM) 64-Bit Server VM (25.66-b18 mixed mode windows-amd64 compressed oops)
# Problematic frame:
# C  [AUDIOSES.DLL+0x7ca5]
#
# Failed to write core dump. Minidumps are not enabled by default on client versions of Windows
#
# If you would like to submit a bug report, please visit:
#   http://bugreport.java.com/bugreport/crash.jsp
#

---------------  T H R E A D  ---------------

Current thread (0x00000000178c9800):  VMThread [stack: 0x00000000195d0000,0x00000000196d0000] [id=9688]

siginfo: ExceptionCode=0xc0000005, reading address 0x000000001cdb0140

Registers:
RAX=0x00007ff91fae51b8, RBX=0x0000000000000001, RCX=0x0000000021c898a0, RDX=0x0000000000000001
RSP=0x00000000196cec90, RBP=0x00007ff91fad16a0, RSI=0x000000001cdb0140, RDI=0x0000000021c898a0
R8 =0x0000000000000019, R9 =0x0000000000000003, R10=0x00007ff933575740, R11=0x00000000196cec60
R12=0x0000000000000000, R13=0x0000000000000000, R14=0x000000001ce20760, R15=0x0000000000000000
RIP=0x00007ff91fad7ca5, EFLAGS=0x0000000000010246

Top of Stack: (sp=0x00000000196cec90)
0x00000000196cec90:   0000000000da0000 0000000021ca5b60
0x00000000196ceca0:   0000000000000000 0000000000000002
0x00000000196cecb0:   0000000021c898a0 00007ff91fad7bd7
0x00000000196cecc0:   0000000000000001 00007ff91fad79a0
0x00000000196cecd0:   00007ff91fad1ec0 0000000021c8ae90
0x00000000196cece0:   0000000021c898a0 00007ff91fad7a19
0x00000000196cecf0:   0000000000000001 00007ff91fad79a0
0x00000000196ced00:   000000001ce20760 0000000021ca5b60
0x00000000196ced10:   fffffffffffffffe 00007ff91fad16a0
0x00000000196ced20:   0000000021c898a0 00007ff91fad79b4
0x00000000196ced30:   0000000021c898a0 0000000000000001
0x00000000196ced40:   00007ff91fad79a0 0000000021ca5b60
0x00000000196ced50:   0000000000000000 00007ff91fad7952
0x00000000196ced60:   0000000021c898a0 00000000196ced98
0x00000000196ced70:   000000001d41d401 000000001ce20790
0x00000000196ced80:   000000001ce20760 00007ff90bc3ddf6 

Instructions: (pc=0x00007ff91fad7ca5)
0x00007ff91fad7c85:   f9 0f 85 18 15 03 00 48 83 7f 78 00 0f 85 34 15
0x00007ff91fad7c95:   03 00 48 8b 77 70 48 85 f6 74 1a 48 83 67 70 00
0x00007ff91fad7ca5:   48 8b 06 48 8b 58 10 48 8b cb ff 15 3b 4c 06 00
0x00007ff91fad7cb5:   48 8b ce ff d3 48 8b 5c 24 30 48 8b 74 24 38 48 


Register to memory mapping:

RAX=0x00007ff91fae51b8 is an unknown value
RBX=0x0000000000000001 is an unknown value
RCX=0x0000000021c898a0 is an unknown value
RDX=0x0000000000000001 is an unknown value
RSP=0x00000000196cec90 is an unknown value
RBP=0x00007ff91fad16a0 is an unknown value
RSI=0x000000001cdb0140 is an unknown value
RDI=0x0000000021c898a0 is an unknown value
R8 =0x0000000000000019 is an unknown value
R9 =0x0000000000000003 is an unknown value
R10=0x00007ff933575740 is an unknown value
R11=0x00000000196cec60 is an unknown value
R12=0x0000000000000000 is an unknown value
R13=0x0000000000000000 is an unknown value
R14=0x000000001ce20760 is an unknown value
R15=0x0000000000000000 is an unknown value


Stack: [0x00000000195d0000,0x00000000196d0000],  sp=0x00000000196cec90,  free space=1019k
Native frames: (J=compiled Java code, j=interpreted, Vv=VM code, C=native code)
C  [AUDIOSES.DLL+0x7ca5]
C  [AUDIOSES.DLL+0x7bd7]
C  [AUDIOSES.DLL+0x7a19]
C  [AUDIOSES.DLL+0x79b4]
C  [AUDIOSES.DLL+0x7952]
C  [dsound.dll+0x4ddf6]
C  [dsound.dll+0x4def0]
C  [dsound.dll+0x48cf2]
C  [dsound.dll+0x20404]
C  [dsound.dll+0x1d7f3]
C  [dsound.dll+0x4be5]
C  [dsound.dll+0xf1fe]
C  [dsound.dll+0x5fdc]
C  [dsound.dll+0x5f56]
C  [dsound.dll+0xdb8a]
C  [OpenAL64.dll+0xec2b]
C  [OpenAL64.dll+0x849b]
C  [OpenAL64.dll+0x84ea]
C  [OpenAL64.dll+0x851f]
C  [OpenAL64.dll+0x13d08]
C  [ntdll.dll+0x1c064]
C  [ntdll.dll+0x1b472]
C  [ntdll.dll+0x18498]
C  [KERNEL32.DLL+0x516a]
C  [msvcr100.dll+0x20ccd]
V  [jvm.dll+0x210cc5]
V  [jvm.dll+0x249897]
V  [jvm.dll+0x248b36]
V  [jvm.dll+0x248fd1]
V  [jvm.dll+0x2491ee]
V  [jvm.dll+0x29a0fa]
C  [msvcr100.dll+0x21d9f]
C  [msvcr100.dll+0x21e3b]
C  [KERNEL32.DLL+0x13d2]
C  [ntdll.dll+0x15454]

VM_Operation (0x000000000283f400): Exit, mode: safepoint, requested by thread 0x0000000002840800


---------------  P R O C E S S  ---------------

Java Threads: ( => current thread )
  0x00000000239f7000 JavaThread "AWT-EventQueue-0" [_thread_blocked, id=11036, stack(0x000000001ec20000,0x000000001ed20000)]
  0x00000000239f6800 JavaThread "AWT-Shutdown" [_thread_blocked, id=10224, stack(0x000000001bb20000,0x000000001bc20000)]
  0x000000001a716800 JavaThread "Java2D Disposer" daemon [_thread_blocked, id=6812, stack(0x000000001aee0000,0x000000001afe0000)]
  0x0000000019a8e800 JavaThread "Service Thread" daemon [_thread_blocked, id=6704, stack(0x000000001a3d0000,0x000000001a4d0000)]
  0x0000000019a12000 JavaThread "C1 CompilerThread3" daemon [_thread_blocked, id=10012, stack(0x000000001a2d0000,0x000000001a3d0000)]
  0x0000000019a06000 JavaThread "C2 CompilerThread2" daemon [_thread_blocked, id=9308, stack(0x000000001a1d0000,0x000000001a2d0000)]
  0x00000000199fc000 JavaThread "C2 CompilerThread1" daemon [_thread_blocked, id=10452, stack(0x000000001a0d0000,0x000000001a1d0000)]
  0x00000000199f5000 JavaThread "C2 CompilerThread0" daemon [_thread_blocked, id=4692, stack(0x0000000019fd0000,0x000000001a0d0000)]
  0x00000000199f4000 JavaThread "Attach Listener" daemon [_thread_blocked, id=6284, stack(0x0000000019ed0000,0x0000000019fd0000)]
  0x0000000019a00000 JavaThread "Signal Dispatcher" daemon [_thread_blocked, id=9264, stack(0x0000000019dd0000,0x0000000019ed0000)]
  0x000000000293a800 JavaThread "Finalizer" daemon [_thread_blocked, id=6800, stack(0x00000000197d0000,0x00000000198d0000)]
  0x0000000002934000 JavaThread "Reference Handler" daemon [_thread_blocked, id=10612, stack(0x00000000196d0000,0x00000000197d0000)]
  0x0000000002840800 JavaThread "main" [_thread_blocked, id=7740, stack(0x0000000002740000,0x0000000002840000)]

Other Threads:
=>0x00000000178c9800 VMThread [stack: 0x00000000195d0000,0x00000000196d0000] [id=9688]

VM state:at safepoint (shutting down)

VM Mutex/Monitor currently owned by a thread:  ([mutex/lock_event])
[0x000000000265c520] Threads_lock - owner thread: 0x00000000178c9800

Heap:
 PSYoungGen      total 120320K, used 56355K [0x00000000d5e00000, 0x00000000df080000, 0x0000000100000000)
  eden space 113152K, 49% used [0x00000000d5e00000,0x00000000d9508f00,0x00000000dcc80000)
  from space 7168K, 0% used [0x00000000dcc80000,0x00000000dcc80000,0x00000000dd380000)
  to   space 7168K, 0% used [0x00000000de980000,0x00000000de980000,0x00000000df080000)
 ParOldGen       total 182784K, used 68135K [0x0000000081a00000, 0x000000008cc80000, 0x00000000d5e00000)
  object space 182784K, 37% used [0x0000000081a00000,0x0000000085c89f00,0x000000008cc80000)
 Metaspace       used 11318K, capacity 11529K, committed 11776K, reserved 1060864K
  class space    used 1141K, capacity 1215K, committed 1280K, reserved 1048576K

Card table byte_map: [0x0000000011d00000,0x0000000012100000] byte_map_base: 0x00000000118f3000

Marking Bits: (ParMarkBitMap*) 0x0000000060b2a5b0
 Begin Bits: [0x0000000012bb0000, 0x0000000014b48000)
 End Bits:   [0x0000000014b48000, 0x0000000016ae0000)

Polling page: 0x0000000000d30000

CodeCache: size=245760Kb used=6430Kb max_used=6444Kb free=239329Kb
 bounds [0x0000000002940000, 0x0000000002fa0000, 0x0000000011940000]
 total_blobs=2260 nmethods=1680 adapters=493
 compilation: enabled

Compilation events (10 events):
Event: 18.557 Thread 0x0000000019a12000 1676       3       org.newdawn.slick.Graphics::setFont (6 bytes)
Event: 18.558 Thread 0x0000000019a12000 nmethod 1676 0x0000000002f56350 code [0x0000000002f564a0, 0x0000000002f56610]
Event: 18.867 Thread 0x00000000199f5000 1677       4       org.newdawn.slick.UnicodeFont::getWidth (208 bytes)
Event: 18.896 Thread 0x00000000199f5000 nmethod 1677 0x0000000002f8cbd0 code [0x0000000002f8cd40, 0x0000000002f8d498]
Event: 19.366 Thread 0x0000000019a06000 1678       4       org.newdawn.slick.opengl.TextureImpl::bind (39 bytes)
Event: 19.369 Thread 0x0000000019a06000 nmethod 1678 0x0000000002f5fc50 code [0x0000000002f5fde0, 0x0000000002f600b8]
Event: 19.517 Thread 0x00000000199fc000 1679       4       org.newdawn.slick.Image::draw (236 bytes)
Event: 19.545 Thread 0x00000000199fc000 nmethod 1679 0x0000000002f8dc50 code [0x0000000002f8df00, 0x0000000002f8e9f0]
Event: 19.618 Thread 0x00000000199f5000 1680       4       org.newdawn.slick.Image::drawEmbedded (327 bytes)
Event: 19.645 Thread 0x00000000199f5000 nmethod 1680 0x0000000002f92050 code [0x0000000002f922a0, 0x0000000002f92dd0]

GC Heap History (10 events):
Event: 3.041 GC heap before
{Heap before GC invocations=8 (full 1):
 PSYoungGen      total 68096K, used 63744K [0x00000000d5e00000, 0x00000000daa00000, 0x0000000100000000)
  eden space 63488K, 100% used [0x00000000d5e00000,0x00000000d9c00000,0x00000000d9c00000)
  from space 4608K, 5% used [0x00000000da580000,0x00000000da5c0000,0x00000000daa00000)
  to   space 7168K, 0% used [0x00000000d9c00000,0x00000000d9c00000,0x00000000da300000)
 ParOldGen       total 117760K, used 57962K [0x0000000081a00000, 0x0000000088d00000, 0x00000000d5e00000)
  object space 117760K, 49% used [0x0000000081a00000,0x000000008529a930,0x0000000088d00000)
 Metaspace       used 10566K, capacity 10697K, committed 10880K, reserved 1058816K
  class space    used 1104K, capacity 1151K, committed 1152K, reserved 1048576K
Event: 3.044 GC heap after
Heap after GC invocations=8 (full 1):
 PSYoungGen      total 70656K, used 4352K [0x00000000d5e00000, 0x00000000de100000, 0x0000000100000000)
  eden space 63488K, 0% used [0x00000000d5e00000,0x00000000d5e00000,0x00000000d9c00000)
  from space 7168K, 60% used [0x00000000d9c00000,0x00000000da040010,0x00000000da300000)
  to   space 7168K, 0% used [0x00000000dda00000,0x00000000dda00000,0x00000000de100000)
 ParOldGen       total 117760K, used 78450K [0x0000000081a00000, 0x0000000088d00000, 0x00000000d5e00000)
  object space 117760K, 66% used [0x0000000081a00000,0x000000008669c980,0x0000000088d00000)
 Metaspace       used 10566K, capacity 10697K, committed 10880K, reserved 1058816K
  class space    used 1104K, capacity 1151K, committed 1152K, reserved 1048576K
}
Event: 3.044 GC heap before
{Heap before GC invocations=9 (full 2):
 PSYoungGen      total 70656K, used 4352K [0x00000000d5e00000, 0x00000000de100000, 0x0000000100000000)
  eden space 63488K, 0% used [0x00000000d5e00000,0x00000000d5e00000,0x00000000d9c00000)
  from space 7168K, 60% used [0x00000000d9c00000,0x00000000da040010,0x00000000da300000)
  to   space 7168K, 0% used [0x00000000dda00000,0x00000000dda00000,0x00000000de100000)
 ParOldGen       total 117760K, used 78450K [0x0000000081a00000, 0x0000000088d00000, 0x00000000d5e00000)
  object space 117760K, 66% used [0x0000000081a00000,0x000000008669c980,0x0000000088d00000)
 Metaspace       used 10566K, capacity 10697K, committed 10880K, reserved 1058816K
  class space    used 1104K, capacity 1151K, committed 1152K, reserved 1048576K
Event: 3.056 GC heap after
Heap after GC invocations=9 (full 2):
 PSYoungGen      total 70656K, used 0K [0x00000000d5e00000, 0x00000000de100000, 0x0000000100000000)
  eden space 63488K, 0% used [0x00000000d5e00000,0x00000000d5e00000,0x00000000d9c00000)
  from space 7168K, 0% used [0x00000000d9c00000,0x00000000d9c00000,0x00000000da300000)
  to   space 7168K, 0% used [0x00000000dda00000,0x00000000dda00000,0x00000000de100000)
 ParOldGen       total 111104K, used 10754K [0x0000000081a00000, 0x0000000088680000, 0x00000000d5e00000)
  object space 111104K, 9% used [0x0000000081a00000,0x0000000082480be0,0x0000000088680000)
 Metaspace       used 10566K, capacity 10697K, committed 10880K, reserved 1058816K
  class space    used 1104K, capacity 1151K, committed 1152K, reserved 1048576K
}
Event: 3.539 GC heap before
{Heap before GC invocations=10 (full 2):
 PSYoungGen      total 70656K, used 63304K [0x00000000d5e00000, 0x00000000de100000, 0x0000000100000000)
  eden space 63488K, 99% used [0x00000000d5e00000,0x00000000d9bd22f8,0x00000000d9c00000)
  from space 7168K, 0% used [0x00000000d9c00000,0x00000000d9c00000,0x00000000da300000)
  to   space 7168K, 0% used [0x00000000dda00000,0x00000000dda00000,0x00000000de100000)
 ParOldGen       total 111104K, used 10754K [0x0000000081a00000, 0x0000000088680000, 0x00000000d5e00000)
  object space 111104K, 9% used [0x0000000081a00000,0x0000000082480be0,0x0000000088680000)
 Metaspace       used 10647K, capacity 10825K, committed 10880K, reserved 1058816K
  class space    used 1108K, capacity 1151K, committed 1152K, reserved 1048576K
Event: 3.540 GC heap after
Heap after GC invocations=10 (full 2):
 PSYoungGen      total 102400K, used 224K [0x00000000d5e00000, 0x00000000dda80000, 0x0000000100000000)
  eden space 101888K, 0% used [0x00000000d5e00000,0x00000000d5e00000,0x00000000dc180000)
  from space 512K, 43% used [0x00000000dda00000,0x00000000dda38000,0x00000000dda80000)
  to   space 7168K, 0% used [0x00000000dcc80000,0x00000000dcc80000,0x00000000dd380000)
 ParOldGen       total 111104K, used 10762K [0x0000000081a00000, 0x0000000088680000, 0x00000000d5e00000)
  object space 111104K, 9% used [0x0000000081a00000,0x0000000082482be0,0x0000000088680000)
 Metaspace       used 10647K, capacity 10825K, committed 10880K, reserved 1058816K
  class space    used 1108K, capacity 1151K, committed 1152K, reserved 1048576K
}
Event: 6.062 GC heap before
{Heap before GC invocations=11 (full 2):
 PSYoungGen      total 102400K, used 84184K [0x00000000d5e00000, 0x00000000dda80000, 0x0000000100000000)
  eden space 101888K, 82% used [0x00000000d5e00000,0x00000000daffe358,0x00000000dc180000)
  from space 512K, 43% used [0x00000000dda00000,0x00000000dda38000,0x00000000dda80000)
  to   space 7168K, 0% used [0x00000000dcc80000,0x00000000dcc80000,0x00000000dd380000)
 ParOldGen       total 111104K, used 10762K [0x0000000081a00000, 0x0000000088680000, 0x00000000d5e00000)
  object space 111104K, 9% used [0x0000000081a00000,0x0000000082482be0,0x0000000088680000)
 Metaspace       used 10659K, capacity 10825K, committed 10880K, reserved 1058816K
  class space    used 1109K, capacity 1151K, committed 1152K, reserved 1048576K
Event: 6.071 GC heap after
Heap after GC invocations=11 (full 2):
 PSYoungGen      total 120320K, used 288K [0x00000000d5e00000, 0x00000000df080000, 0x0000000100000000)
  eden space 113152K, 0% used [0x00000000d5e00000,0x00000000d5e00000,0x00000000dcc80000)
  from space 7168K, 4% used [0x00000000dcc80000,0x00000000dccc8000,0x00000000dd380000)
  to   space 7168K, 0% used [0x00000000de980000,0x00000000de980000,0x00000000df080000)
 ParOldGen       total 111104K, used 43538K [0x0000000081a00000, 0x0000000088680000, 0x00000000d5e00000)
  object space 111104K, 39% used [0x0000000081a00000,0x0000000084484bf0,0x0000000088680000)
 Metaspace       used 10659K, capacity 10825K, committed 10880K, reserved 1058816K
  class space    used 1109K, capacity 1151K, committed 1152K, reserved 1048576K
}
Event: 7.219 GC heap before
{Heap before GC invocations=12 (full 3):
 PSYoungGen      total 120320K, used 91827K [0x00000000d5e00000, 0x00000000df080000, 0x0000000100000000)
  eden space 113152K, 80% used [0x00000000d5e00000,0x00000000db764e38,0x00000000dcc80000)
  from space 7168K, 4% used [0x00000000dcc80000,0x00000000dccc8000,0x00000000dd380000)
  to   space 7168K, 0% used [0x00000000de980000,0x00000000de980000,0x00000000df080000)
 ParOldGen       total 111104K, used 109075K [0x0000000081a00000, 0x0000000088680000, 0x00000000d5e00000)
  object space 111104K, 98% used [0x0000000081a00000,0x0000000088484c00,0x0000000088680000)
 Metaspace       used 10659K, capacity 10825K, committed 10880K, reserved 1058816K
  class space    used 1109K, capacity 1151K, committed 1152K, reserved 1048576K
Event: 7.249 GC heap after
Heap after GC invocations=12 (full 3):
 PSYoungGen      total 120320K, used 0K [0x00000000d5e00000, 0x00000000df080000, 0x0000000100000000)
  eden space 113152K, 0% used [0x00000000d5e00000,0x00000000d5e00000,0x00000000dcc80000)
  from space 7168K, 0% used [0x00000000dcc80000,0x00000000dcc80000,0x00000000dd380000)
  to   space 7168K, 0% used [0x00000000de980000,0x00000000de980000,0x00000000df080000)
 ParOldGen       total 182784K, used 68135K [0x0000000081a00000, 0x000000008cc80000, 0x00000000d5e00000)
  object space 182784K, 37% used [0x0000000081a00000,0x0000000085c89f00,0x000000008cc80000)
 Metaspace       used 10659K, capacity 10825K, committed 10880K, reserved 1058816K
  class space    used 1109K, capacity 1151K, committed 1152K, reserved 1048576K
}

Deoptimization events (10 events):
Event: 2.987 Thread 0x0000000002840800 Uncommon trap: reason=unstable_if action=reinterpret pc=0x0000000002d632e4 method=java.awt.image.ComponentColorModel.getAlpha(Ljava/lang/Object;)I @ 4
Event: 2.987 Thread 0x0000000002840800 Uncommon trap: reason=unstable_if action=reinterpret pc=0x0000000002d62884 method=java.awt.image.ComponentColorModel.extractComponent(Ljava/lang/Object;II)I @ 4
Event: 2.987 Thread 0x0000000002840800 Uncommon trap: reason=unstable_if action=reinterpret pc=0x0000000002d57460 method=java.awt.image.ComponentColorModel.getAlpha(Ljava/lang/Object;)I @ 4
Event: 3.312 Thread 0x0000000002840800 Uncommon trap: reason=unstable_if action=reinterpret pc=0x0000000002d9af98 method=sun.awt.image.ByteInterleavedRaster.putByteData(IIII[B)V @ 79
Event: 7.203 Thread 0x0000000002840800 Uncommon trap: reason=unstable_if action=reinterpret pc=0x0000000002dfd14c method=com.jcraft.jorbis.Residue1.inverse(Lcom/jcraft/jorbis/Block;Ljava/lang/Object;[[F[II)I @ 14
Event: 8.919 Thread 0x0000000002840800 Uncommon trap: reason=class_check action=maybe_recompile pc=0x0000000002d3525c method=java.util.HashMap.putVal(ILjava/lang/Object;Ljava/lang/Object;ZZ)Ljava/lang/Object; @ 253
Event: 8.921 Thread 0x0000000002840800 Uncommon trap: reason=class_check action=maybe_recompile pc=0x0000000002d3525c method=java.util.HashMap.putVal(ILjava/lang/Object;Ljava/lang/Object;ZZ)Ljava/lang/Object; @ 253
Event: 8.921 Thread 0x0000000002840800 Uncommon trap: reason=class_check action=maybe_recompile pc=0x0000000002d3525c method=java.util.HashMap.putVal(ILjava/lang/Object;Ljava/lang/Object;ZZ)Ljava/lang/Object; @ 253
Event: 8.922 Thread 0x0000000002840800 Uncommon trap: reason=class_check action=maybe_recompile pc=0x0000000002d3525c method=java.util.HashMap.putVal(ILjava/lang/Object;Ljava/lang/Object;ZZ)Ljava/lang/Object; @ 253
Event: 20.917 Thread 0x0000000002840800 Uncommon trap: reason=unstable_if action=reinterpret pc=0x0000000002f10298 method=org.lwjgl.input.Keyboard.isKeyDown(I)Z @ 29

Internal exceptions (10 events):
Event: 1.236 Thread 0x0000000002840800 Exception <a 'org/lwjgl/LWJGLException'> (0x00000000d6dd6bc0) thrown at [C:\re\workspace\8-2-build-windows-amd64-cygwin\jdk8u66\5298\hotspot\src\share\vm\prims\jni.cpp, line 709]
Event: 1.236 Thread 0x0000000002840800 Exception <a 'org/lwjgl/LWJGLException'> (0x00000000d6dd71a0) thrown at [C:\re\workspace\8-2-build-windows-amd64-cygwin\jdk8u66\5298\hotspot\src\share\vm\prims\jni.cpp, line 709]
Event: 1.236 Thread 0x0000000002840800 Exception <a 'org/lwjgl/LWJGLException'> (0x00000000d6dd7730) thrown at [C:\re\workspace\8-2-build-windows-amd64-cygwin\jdk8u66\5298\hotspot\src\share\vm\prims\jni.cpp, line 709]
Event: 1.236 Thread 0x0000000002840800 Exception <a 'org/lwjgl/LWJGLException'> (0x00000000d6dd7ce0) thrown at [C:\re\workspace\8-2-build-windows-amd64-cygwin\jdk8u66\5298\hotspot\src\share\vm\prims\jni.cpp, line 709]
Event: 1.236 Thread 0x0000000002840800 Exception <a 'org/lwjgl/LWJGLException'> (0x00000000d6dd8368) thrown at [C:\re\workspace\8-2-build-windows-amd64-cygwin\jdk8u66\5298\hotspot\src\share\vm\prims\jni.cpp, line 709]
Event: 1.236 Thread 0x0000000002840800 Exception <a 'org/lwjgl/LWJGLException'> (0x00000000d6dd8998) thrown at [C:\re\workspace\8-2-build-windows-amd64-cygwin\jdk8u66\5298\hotspot\src\share\vm\prims\jni.cpp, line 709]
Event: 1.353 Thread 0x0000000002840800 Exception <a 'org/lwjgl/LWJGLException': Missing driver symbols> (0x00000000d6de25d8) thrown at [C:\re\workspace\8-2-build-windows-amd64-cygwin\jdk8u66\5298\hotspot\src\share\vm\prims\jni.cpp, line 735]
Event: 1.354 Thread 0x0000000002840800 Exception <a 'org/lwjgl/LWJGLException': Missing driver symbols> (0x00000000d6de2e88) thrown at [C:\re\workspace\8-2-build-windows-amd64-cygwin\jdk8u66\5298\hotspot\src\share\vm\prims\jni.cpp, line 735]
Event: 2.903 Thread 0x0000000002840800 Implicit null exception at 0x0000000002d7d4a2 to 0x0000000002d7da0d
Event: 2.904 Thread 0x0000000002840800 Implicit null exception at 0x0000000002d62003 to 0x0000000002d621fd

Events (10 events):
Event: 21.441 loading class java/util/IdentityHashMap$KeySet
Event: 21.441 loading class java/util/IdentityHashMap$KeySet done
Event: 21.441 loading class java/util/IdentityHashMap$KeyIterator
Event: 21.441 loading class java/util/IdentityHashMap$KeyIterator done
Event: 21.442 Thread 0x00000000239f8000 Thread added: 0x00000000239f8000
Event: 21.442 Thread 0x00000000239f8800 Thread added: 0x00000000239f8800
Event: 21.442 Thread 0x00000000239f8000 Thread exited: 0x00000000239f8000
Event: 21.448 Thread 0x000000001a71a000 Thread exited: 0x000000001a71a000
Event: 21.545 Thread 0x00000000239f8800 Thread exited: 0x00000000239f8800
Event: 21.545 Executing VM operation: Exit


Dynamic libraries:
0x00007ff744ed0000 - 0x00007ff744f07000 	C:\Program Files\Java\jre1.8.0_66\bin\javaw.exe
0x00007ff933570000 - 0x00007ff93371c000 	C:\Windows\SYSTEM32\ntdll.dll
0x00007ff9310e0000 - 0x00007ff93121e000 	C:\Windows\system32\KERNEL32.DLL
0x00007ff930ad0000 - 0x00007ff930be5000 	C:\Windows\system32\KERNELBASE.dll
0x00007ff92f260000 - 0x00007ff92f2ee000 	C:\Windows\system32\apphelp.dll
0x00007ff8ff8a0000 - 0x00007ff8ff8f3000 	C:\Windows\AppPatch\AppPatch64\AcGenral.DLL
0x00007ff931a40000 - 0x00007ff931aea000 	C:\Windows\system32\msvcrt.dll
0x00007ff9304f0000 - 0x00007ff93051e000 	C:\Windows\SYSTEM32\SspiCli.dll
0x00007ff9316f0000 - 0x00007ff931744000 	C:\Windows\system32\SHLWAPI.dll
0x00007ff930e30000 - 0x00007ff930fa7000 	C:\Windows\system32\USER32.dll
0x00007ff930bf0000 - 0x00007ff930d84000 	C:\Windows\system32\ole32.dll
0x00007ff931ef0000 - 0x00007ff93341b000 	C:\Windows\system32\SHELL32.dll
0x00007ff92fcc0000 - 0x00007ff92fce1000 	C:\Windows\SYSTEM32\USERENV.dll
0x00007ff9317b0000 - 0x00007ff93185a000 	C:\Windows\system32\ADVAPI32.dll
0x00007ff91bb40000 - 0x00007ff91bb5e000 	C:\Windows\SYSTEM32\MPR.dll
0x00007ff933420000 - 0x00007ff933561000 	C:\Windows\system32\RPCRT4.dll
0x00007ff931590000 - 0x00007ff9315e9000 	C:\Windows\SYSTEM32\sechost.dll
0x00007ff931370000 - 0x00007ff931581000 	C:\Windows\SYSTEM32\combase.dll
0x00007ff931220000 - 0x00007ff93136f000 	C:\Windows\system32\GDI32.dll
0x00007ff9306c0000 - 0x00007ff9306d5000 	C:\Windows\SYSTEM32\profapi.dll
0x00007ff92eec0000 - 0x00007ff92ef72000 	C:\Windows\SYSTEM32\SHCORE.dll
0x00007ff930df0000 - 0x00007ff930e26000 	C:\Windows\system32\IMM32.DLL
0x00007ff931cb0000 - 0x00007ff931e02000 	C:\Windows\system32\MSCTF.dll
0x00007ff92e340000 - 0x00007ff92e5bb000 	C:\Windows\WinSxS\amd64_microsoft.windows.common-controls_6595b64144ccf1df_6.0.9600.18006_none_623f33d3ecbe86e8\COMCTL32.dll
0x000000005f990000 - 0x000000005fa62000 	C:\Program Files\Java\jre1.8.0_66\bin\msvcr100.dll
0x0000000060320000 - 0x0000000060ba9000 	C:\Program Files\Java\jre1.8.0_66\bin\server\jvm.dll
0x00007ff91f960000 - 0x00007ff91f969000 	C:\Windows\SYSTEM32\WSOCK32.dll
0x00007ff92e5c0000 - 0x00007ff92e5e2000 	C:\Windows\SYSTEM32\WINMM.dll
0x00007ff92e5f0000 - 0x00007ff92e5fa000 	C:\Windows\SYSTEM32\VERSION.dll
0x00007ff931620000 - 0x00007ff931627000 	C:\Windows\system32\PSAPI.DLL
0x00007ff930d90000 - 0x00007ff930dea000 	C:\Windows\system32\WS2_32.dll
0x00007ff92e300000 - 0x00007ff92e32a000 	C:\Windows\SYSTEM32\WINMMBASE.dll
0x00007ff931ca0000 - 0x00007ff931ca9000 	C:\Windows\system32\NSI.dll
0x00007ff930840000 - 0x00007ff93088f000 	C:\Windows\SYSTEM32\cfgmgr32.dll
0x00007ff92f4b0000 - 0x00007ff92f4d8000 	C:\Windows\SYSTEM32\DEVOBJ.dll
0x0000000060310000 - 0x000000006031f000 	C:\Program Files\Java\jre1.8.0_66\bin\verify.dll
0x00000000602e0000 - 0x0000000060309000 	C:\Program Files\Java\jre1.8.0_66\bin\java.dll
0x00000000602c0000 - 0x00000000602d6000 	C:\Program Files\Java\jre1.8.0_66\bin\zip.dll
0x000000005f7f0000 - 0x000000005f988000 	C:\Program Files\Java\jre1.8.0_66\bin\awt.dll
0x00007ff931e20000 - 0x00007ff931ee1000 	C:\Windows\system32\OLEAUT32.dll
0x00007ff92f330000 - 0x00007ff92f459000 	C:\Windows\system32\uxtheme.dll
0x00007ff92ea10000 - 0x00007ff92ea31000 	C:\Windows\system32\dwmapi.dll
0x00007ff92f500000 - 0x00007ff92f50b000 	C:\Windows\SYSTEM32\kernel.appcore.dll
0x00007ff930590000 - 0x00007ff93059b000 	C:\Windows\SYSTEM32\CRYPTBASE.dll
0x00007ff930520000 - 0x00007ff930583000 	C:\Windows\SYSTEM32\bcryptPrimitives.dll
0x0000000180000000 - 0x0000000180053000 	C:\Users\Kévin\Documents\GitHub\RTS2\native\windows\lwjgl64.dll
0x00007ff915b40000 - 0x00007ff915c6b000 	C:\Windows\SYSTEM32\OPENGL32.dll
0x00007ff915a10000 - 0x00007ff915a3e000 	C:\Windows\SYSTEM32\GLU32.dll
0x00007ff9155a0000 - 0x00007ff915698000 	C:\Windows\SYSTEM32\DDRAW.dll
0x00007ff91b820000 - 0x00007ff91b829000 	C:\Windows\SYSTEM32\DCIMAN32.dll
0x00007ff900730000 - 0x00007ff901057000 	C:\Windows\SYSTEM32\ig75icd64.dll
0x00007ff92ad50000 - 0x00007ff92b719000 	C:\Windows\SYSTEM32\igdusc64.dll
0x00007ff92ef80000 - 0x00007ff92ef92000 	C:\Windows\SYSTEM32\WTSAPI32.dll
0x00007ff92e600000 - 0x00007ff92e692000 	C:\Windows\SYSTEM32\mscms.dll
0x00007ff912860000 - 0x00007ff9128a1000 	C:\Windows\SYSTEM32\icm32.dll
0x00007ff930660000 - 0x00007ff9306a6000 	C:\Windows\SYSTEM32\powrprof.dll
0x000000005f7a0000 - 0x000000005f7e7000 	C:\Program Files\Java\jre1.8.0_66\bin\fontmanager.dll
0x00000000602a0000 - 0x00000000602ba000 	C:\Program Files\Java\jre1.8.0_66\bin\net.dll
0x00007ff92ff30000 - 0x00007ff92ff89000 	C:\Windows\system32\mswsock.dll
0x0000000060280000 - 0x0000000060291000 	C:\Program Files\Java\jre1.8.0_66\bin\nio.dll
0x000000005f750000 - 0x000000005f792000 	C:\Program Files\Java\jre1.8.0_66\bin\t2k.dll
0x000000005f720000 - 0x000000005f74a000 	C:\Program Files\Java\jre1.8.0_66\bin\dcpr.dll
0x000000001bc80000 - 0x000000001bce4000 	C:\Users\Kévin\Documents\GitHub\RTS2\native\windows\OpenAL64.dll
0x00007ff931630000 - 0x00007ff9316e6000 	C:\Windows\SYSTEM32\clbcatq.dll
0x00007ff92d540000 - 0x00007ff92d5b0000 	C:\Windows\System32\MMDevApi.dll
0x00007ff90bbf0000 - 0x00007ff90bc8d000 	C:\Windows\SYSTEM32\dsound.dll
0x00007ff8ff770000 - 0x00007ff8ff892000 	C:\Users\Kévin\Documents\GitHub\RTS2\OpenAL64.dll
0x00007ff91c300000 - 0x00007ff91c33e000 	C:\Windows\SYSTEM32\wdmaud.drv
0x00007ff92c980000 - 0x00007ff92c988000 	C:\Windows\SYSTEM32\ksuser.dll
0x00007ff92c790000 - 0x00007ff92c79c000 	C:\Windows\SYSTEM32\AVRT.dll
0x00007ff91fad0000 - 0x00007ff91fb4e000 	C:\Windows\SYSTEM32\AUDIOSES.DLL
0x00007ff92d450000 - 0x00007ff92d45b000 	C:\Windows\SYSTEM32\msacm32.drv
0x00007ff92c7b0000 - 0x00007ff92c7cc000 	C:\Windows\SYSTEM32\MSACM32.dll
0x00007ff92d350000 - 0x00007ff92d35a000 	C:\Windows\SYSTEM32\midimap.dll
0x00007ff92ff90000 - 0x00007ff92ffb0000 	C:\Windows\SYSTEM32\CRYPTSP.dll
0x00007ff92fb20000 - 0x00007ff92fb56000 	C:\Windows\system32\rsaenh.dll
0x00007ff9301a0000 - 0x00007ff9301c6000 	C:\Windows\SYSTEM32\bcrypt.dll
0x00007ff92a3f0000 - 0x00007ff92a41a000 	C:\Windows\SYSTEM32\IPHLPAPI.DLL
0x00007ff92a3c0000 - 0x00007ff92a3ca000 	C:\Windows\SYSTEM32\WINNSI.DLL
0x00007ff929dc0000 - 0x00007ff929dd6000 	C:\Windows\SYSTEM32\dhcpcsvc6.DLL
0x00007ff92a000000 - 0x00007ff92a01a000 	C:\Windows\SYSTEM32\dhcpcsvc.DLL
0x000000005f6e0000 - 0x000000005f711000 	C:\Program Files\Java\jre1.8.0_66\bin\jpeg.dll
0x00007ff916ab0000 - 0x00007ff916ac5000 	C:\Windows\system32\napinsp.dll
0x00007ff91b740000 - 0x00007ff91b75a000 	C:\Windows\system32\pnrpnsp.dll
0x00007ff92da30000 - 0x00007ff92da4b000 	C:\Windows\system32\NLAapi.dll
0x00007ff92fd30000 - 0x00007ff92fdd4000 	C:\Windows\SYSTEM32\DNSAPI.dll
0x00007ff91b810000 - 0x00007ff91b81d000 	C:\Windows\System32\winrnr.dll
0x00007ff916a90000 - 0x00007ff916aa4000 	C:\Windows\system32\wshbth.dll
0x00007ff9200b0000 - 0x00007ff9200ba000 	C:\Windows\System32\rasadhlp.dll
0x00007ff929ed0000 - 0x00007ff929f3b000 	C:\Windows\System32\fwpuclnt.dll
0x00007ff92cf60000 - 0x00007ff92d0e9000 	C:\Windows\SYSTEM32\dbghelp.dll

VM Arguments:
jvm_args: -Dfile.encoding=Cp1252 
java_command: main.Main
java_class_path (initial): C:\Users\Kévin\Documents\GitHub\RTS2\bin;C:\Users\Kévin\Documents\GitHub\RTS2\jar\lwjgl.jar;C:\Users\Kévin\Documents\GitHub\RTS2\jar\slick.jar;C:\Users\Kévin\Documents\GitHub\RTS2\jar\jogg-0.0.7.jar;C:\Users\Kévin\Documents\GitHub\RTS2\jar\jorbis-0.0.15.jar
Launcher Type: SUN_STANDARD

Environment Variables:
PATH=C:/Program Files/Java/jre1.8.0_66/bin/server;C:/Program Files/Java/jre1.8.0_66/bin;C:/Program Files/Java/jre1.8.0_66/lib/amd64;C:\MinGW\bin;C:\MinGW\msys\1.0\bin;C:\ProgramData\Oracle\Java\javapath;C:\Program Files (x86)\NVIDIA Corporation\PhysX\Common;C:\Program Files (x86)\Intel\iCLS Client\;C:\Program Files\Intel\iCLS Client\;C:\Windows\system32;C:\Windows;C:\Windows\System32\Wbem;C:\Windows\System32\WindowsPowerShell\v1.0\;C:\Program Files\Intel\Intel(R) Management Engine Components\DAL;C:\Program Files (x86)\Intel\Intel(R) Management Engine Components\DAL;C:\Program Files\Intel\Intel(R) Management Engine Components\IPT;C:\Program Files (x86)\Intel\Intel(R) Management Engine Components\IPT;C:\Program Files\Intel\WiFi\bin\;C:\Program Files\Common Files\Intel\WirelessCommon\;C:\Program Files (x86)\QuickTime Alternative\QTSystem;C:\Program Files\MATLAB\R2012a\runtime\win64;C:\Program Files\MATLAB\R2012a\bin;C:\Program Files (x86)\Skype\Phone\;C:\Users\Kévin\AppData\Local\Programs\Python\Python35\Scripts\;C:\Users\Kévin\AppData\Local\Programs\Python\Python35\;;C:\Users\Kévin\Documents\eclipse;
USERNAME=Kévin
OS=Windows_NT
PROCESSOR_IDENTIFIER=Intel64 Family 6 Model 70 Stepping 1, GenuineIntel



---------------  S Y S T E M  ---------------

OS: Windows 8.1 , 64 bit Build 9600 (6.3.9600.17415)

CPU:total 8 (4 cores per cpu, 2 threads per core) family 6 model 70 stepping 1, cmov, cx8, fxsr, mmx, sse, sse2, sse3, ssse3, sse4.1, sse4.2, popcnt, avx, avx2, aes, clmul, erms, lzcnt, ht, tsc, tscinvbit, bmi1, bmi2

Memory: 4k page, physical 8274920k(3907540k free), swap 13255656k(6566956k free)

vm_info: Java HotSpot(TM) 64-Bit Server VM (25.66-b18) for windows-amd64 JRE (1.8.0_66-b18), built on Nov  9 2015 10:51:13 by "java_re" with MS VC++ 10.0 (VS2010)

time: Fri Dec 11 00:50:09 2015
elapsed time: 21 seconds (0d 0h 0m 21s)

